validating...
Val loss improved from 1000000.0 to 0.06032514199614525
Time taken for epoch 1 is 7581.718940258026 sec
train data time=0.011323690414428711, train per epoch time=7501.652722835541, train per step time=2.091344500372328, valid time=74.92085981369019
Train loss: 0.20920388400554657. Valid loss: 0.06032514199614525
validating...
Val loss improved from 0.06032514199614525 to 0.030731670558452606
Time taken for epoch 2 is 7602.970113515854 sec
train data time=0.013694286346435547, train per epoch time=7524.220380067825, train per step time=2.0976360134005647, valid time=73.73723316192627
Train loss: 0.15210747718811035. Valid loss: 0.030731670558452606
validating...
Val loss improved from 0.030731670558452606 to 0.021142927929759026
Time taken for epoch 3 is 7606.011444330215 sec
train data time=0.013343334197998047, train per epoch time=7529.495450735092, train per step time=2.0991066213367975, valid time=71.74046301841736
Train loss: 0.12468170374631882. Valid loss: 0.021142927929759026
validating...
Val loss improved from 0.021142927929759026 to 0.017298061400651932
Time taken for epoch 4 is 7592.925537347794 sec
train data time=0.013506412506103516, train per epoch time=7516.523656368256, train per step time=2.0954902861355604, valid time=71.92599487304688
Train loss: 0.1107633039355278. Valid loss: 0.017298061400651932
validating...
Val loss improved from 0.017298061400651932 to 0.01487050298601389
Time taken for epoch 5 is 7571.1904039382935 sec
train data time=0.013203859329223633, train per epoch time=7494.073712587357, train per step time=2.0892315897929623, valid time=72.01205158233643
Train loss: 0.10972261428833008. Valid loss: 0.01487050298601389
validating...
Val loss improved from 0.01487050298601389 to 0.013832475058734417
Time taken for epoch 6 is 7574.24486374855 sec
train data time=0.013978242874145508, train per epoch time=7496.17929148674, train per step time=2.0898185925527573, valid time=72.47513818740845
Train loss: 0.10112214088439941. Valid loss: 0.013832475058734417
validating...
Val loss improved from 0.013832475058734417 to 0.01211946364492178
Time taken for epoch 7 is 7596.288635492325 sec
train data time=0.013915300369262695, train per epoch time=7519.172961235046, train per step time=2.0962288712670887, valid time=71.7617769241333
Train loss: 0.09821119904518127. Valid loss: 0.01211946364492178
validating...
Val loss improved from 0.01211946364492178 to 0.011514334939420223
Time taken for epoch 8 is 7597.277337312698 sec
train data time=0.01333165168762207, train per epoch time=7520.053525686264, train per step time=2.0964743589869705, valid time=71.21597170829773
Train loss: 0.09744317829608917. Valid loss: 0.011514334939420223
validating...
Val loss improved from 0.011514334939420223 to 0.010613544844090939
Time taken for epoch 9 is 7588.126953363419 sec
train data time=0.013293027877807617, train per epoch time=7505.054902553558, train per step time=2.092292975342503, valid time=71.61796855926514
Train loss: 0.08896547555923462. Valid loss: 0.010613544844090939
validating...
Val loss improved from 0.010613544844090939 to 0.010499694384634495
Time taken for epoch 10 is 7639.941714763641 sec
train data time=0.012872457504272461, train per epoch time=7562.6603100299835, train per step time=2.108352470039025, valid time=71.47736978530884
Train loss: 0.08920897543430328. Valid loss: 0.010499694384634495
validating...
Val loss improved from 0.010499694384634495 to 0.009633851237595081
Time taken for epoch 11 is 7591.372069597244 sec
train data time=0.013730049133300781, train per epoch time=7505.452147960663, train per step time=2.092403721204534, valid time=80.1730945110321
Train loss: 0.08456157892942429. Valid loss: 0.009633851237595081
validating...
Val loss improved from 0.009633851237595081 to 0.009267162531614304
Time taken for epoch 12 is 7629.5200181007385 sec
train data time=0.01345682144165039, train per epoch time=7542.957644462585, train per step time=2.1028596722783903, valid time=80.57317042350769
Train loss: 0.08348902314901352. Valid loss: 0.009267162531614304
validating...
Val loss improved from 0.009267162531614304 to 0.009098096750676632
Time taken for epoch 13 is 7643.5992686748505 sec
train data time=0.013063430786132812, train per epoch time=7557.059281826019, train per step time=2.1067909901940394, valid time=71.9275267124176
Train loss: 0.08001899719238281. Valid loss: 0.009098096750676632
validating...
Val loss improved from 0.009098096750676632 to 0.008718866854906082
Time taken for epoch 14 is 7625.237391233444 sec
train data time=0.013206958770751953, train per epoch time=7539.775107145309, train per step time=2.101972430204993, valid time=78.87062978744507
Train loss: 0.08043491095304489. Valid loss: 0.008718866854906082
validating...
Val loss improved from 0.008718866854906082 to 0.008557537570595741
Time taken for epoch 15 is 7661.735808610916 sec
train data time=0.013924837112426758, train per epoch time=7583.925671577454, train per step time=2.114280923216463, valid time=71.08633613586426
Train loss: 0.07972778379917145. Valid loss: 0.008557537570595741
validating...
Val loss improved from 0.008557537570595741 to 0.008477775380015373
Time taken for epoch 16 is 7599.831465482712 sec
train data time=0.012768268585205078, train per epoch time=7518.587087392807, train per step time=2.0960655387211617, valid time=74.12311720848083
Train loss: 0.08168645948171616. Valid loss: 0.008477775380015373
validating...
Val loss improved from 0.008477775380015373 to 0.008135572075843811
Time taken for epoch 17 is 7594.567701339722 sec
train data time=0.011965751647949219, train per epoch time=7512.459655761719, train per step time=2.094357305760167, valid time=75.60778021812439
Train loss: 0.08225996792316437. Valid loss: 0.008135572075843811
validating...
Val loss improved from 0.008135572075843811 to 0.008003080263733864
Time taken for epoch 18 is 7571.363646030426 sec
train data time=0.012986898422241211, train per epoch time=7484.095984458923, train per step time=2.086449953849714, valid time=80.11579632759094
Train loss: 0.082559734582901. Valid loss: 0.008003080263733864
validating...
Val loss improved from 0.008003080263733864 to 0.007952436804771423
Time taken for epoch 19 is 7601.276350021362 sec
train data time=0.012891292572021484, train per epoch time=7518.824187755585, train per step time=2.096131638627149, valid time=74.87791657447815
Train loss: 0.08283548802137375. Valid loss: 0.007952436804771423
validating...
Val loss improved from 0.007952436804771423 to 0.007904786616563797
Time taken for epoch 20 is 7655.90541601181 sec
train data time=0.015134334564208984, train per epoch time=7572.002422809601, train per step time=2.110956906275328, valid time=75.98188495635986
Train loss: 0.08241165429353714. Valid loss: 0.007904786616563797
validating...
Val loss improved from 0.007904786616563797 to 0.007816771045327187
Time taken for epoch 21 is 7641.26088476181 sec
train data time=0.014181375503540039, train per epoch time=7554.502592802048, train per step time=2.106078224923905, valid time=79.85791873931885
Train loss: 0.07841076701879501. Valid loss: 0.007816771045327187
validating...
Val loss improved from 0.007816771045327187 to 0.007710748817771673
Time taken for epoch 22 is 7599.682218074799 sec
train data time=0.013734579086303711, train per epoch time=7520.143096923828, train per step time=2.0964993300596118, valid time=71.80739998817444
Train loss: 0.0764676183462143. Valid loss: 0.007710748817771673
validating...
Val loss improved from 0.007710748817771673 to 0.0076456149108707905
Time taken for epoch 23 is 7607.331782341003 sec
train data time=0.013208150863647461, train per epoch time=7521.333365917206, train per step time=2.0968311586052986, valid time=77.96120262145996
Train loss: 0.07249629497528076. Valid loss: 0.0076456149108707905
validating...
Val loss improved from 0.0076456149108707905 to 0.007569650653749704
Time taken for epoch 24 is 7625.058421611786 sec
train data time=0.01246500015258789, train per epoch time=7543.828856945038, train per step time=2.10310255281434, valid time=73.58775806427002
Train loss: 0.07759393006563187. Valid loss: 0.007569650653749704
validating...
Time taken for epoch 25 is 7615.413229942322 sec
train data time=0.013736724853515625, train per epoch time=7528.794203519821, train per step time=2.0989111244828047, valid time=80.20276594161987
Train loss: 0.07056965678930283. Valid loss: 0.007606251630932093
validating...
Val loss improved from 0.007569650653749704 to 0.007457997649908066
Time taken for epoch 26 is 7654.14063668251 sec
train data time=0.013271093368530273, train per epoch time=7563.15166425705, train per step time=2.108489451981335, valid time=82.55887293815613
Train loss: 0.0758904218673706. Valid loss: 0.007457997649908066
validating...
Time taken for epoch 27 is 7631.119378328323 sec
train data time=0.012813568115234375, train per epoch time=7551.977858781815, train per step time=2.1053743682134973, valid time=72.29620409011841
Train loss: 0.07498999685049057. Valid loss: 0.0074602034874260426
validating...
Val loss improved from 0.007457997649908066 to 0.007305362727493048
Time taken for epoch 28 is 7615.575318813324 sec
train data time=0.01414942741394043, train per epoch time=7533.160675525665, train per step time=2.1001284291958924, valid time=74.84043145179749
Train loss: 0.07146763056516647. Valid loss: 0.007305362727493048
validating...
Time taken for epoch 29 is 7642.137103319168 sec
train data time=0.014061212539672852, train per epoch time=7558.720062494278, train per step time=2.107253990101555, valid time=75.67791748046875
Train loss: 0.07843758910894394. Valid loss: 0.00732197193428874
validating...
Val loss improved from 0.007305362727493048 to 0.007268727757036686
Time taken for epoch 30 is 7639.044239521027 sec
train data time=0.014077425003051758, train per epoch time=7551.634565114975, train per step time=2.105278663260378, valid time=79.15273880958557
Train loss: 0.07266777008771896. Valid loss: 0.007268727757036686
validating...
Val loss improved from 0.007268727757036686 to 0.0071404981426894665
Time taken for epoch 31 is 7661.086915016174 sec
train data time=0.01309823989868164, train per epoch time=7572.634841442108, train per step time=2.1111332147873174, valid time=79.34715485572815
Train loss: 0.07478667795658112. Valid loss: 0.0071404981426894665
validating...
Val loss improved from 0.0071404981426894665 to 0.007097146473824978
Time taken for epoch 32 is 7667.948719739914 sec
train data time=0.014474630355834961, train per epoch time=7585.543865680695, train per step time=2.1147320506497613, valid time=73.74204564094543
Train loss: 0.0740894079208374. Valid loss: 0.007097146473824978
validating...
Val loss improved from 0.007097146473824978 to 0.007095392793416977
Time taken for epoch 33 is 7662.839871168137 sec
train data time=0.013885259628295898, train per epoch time=7572.920103311539, train per step time=2.1112127413748367, valid time=80.9312915802002
Train loss: 0.07347327470779419. Valid loss: 0.007095392793416977
validating...
Val loss improved from 0.007095392793416977 to 0.0070519899018108845
Time taken for epoch 34 is 7650.477125406265 sec
train data time=0.012700796127319336, train per epoch time=7561.509074211121, train per step time=2.1080315233373628, valid time=79.61517214775085
Train loss: 0.07509271055459976. Valid loss: 0.0070519899018108845
validating...
Val loss improved from 0.0070519899018108845 to 0.0069577754475176334
Time taken for epoch 35 is 7653.790058135986 sec
train data time=0.013216972351074219, train per epoch time=7567.534079551697, train per step time=2.1097112014362134, valid time=78.51951456069946
Train loss: 0.07705429941415787. Valid loss: 0.0069577754475176334
validating...
Val loss improved from 0.0069577754475176334 to 0.006956867408007383
Time taken for epoch 36 is 7683.558921813965 sec
train data time=0.014370918273925781, train per epoch time=7592.573771476746, train per step time=2.116691879419221, valid time=81.76237726211548
Train loss: 0.07258099317550659. Valid loss: 0.006956867408007383
validating...
Val loss improved from 0.006956867408007383 to 0.0069464570842683315
Time taken for epoch 37 is 7629.002807855606 sec
train data time=0.013368606567382812, train per epoch time=7542.548267126083, train per step time=2.1027455442224934, valid time=77.78707313537598
Train loss: 0.07331661880016327. Valid loss: 0.0069464570842683315
validating...
Val loss improved from 0.0069464570842683315 to 0.006890409626066685
Time taken for epoch 38 is 7597.497596740723 sec
train data time=0.01302957534790039, train per epoch time=7509.161674022675, train per step time=2.0934378795714177, valid time=79.50662064552307
Train loss: 0.0669085755944252. Valid loss: 0.006890409626066685
validating...
Val loss improved from 0.006890409626066685 to 0.006869514938443899
Time taken for epoch 39 is 7674.6352252960205 sec
train data time=0.013877630233764648, train per epoch time=7587.57394361496, train per step time=2.1152980049107777, valid time=76.01847815513611
Train loss: 0.06577227264642715. Valid loss: 0.006869514938443899
validating...
Val loss improved from 0.006869514938443899 to 0.006836046930402517
Time taken for epoch 40 is 7640.409170627594 sec
train data time=0.014026880264282227, train per epoch time=7554.58292555809, train per step time=2.1061006204510986, valid time=77.87087082862854
Train loss: 0.06601868569850922. Valid loss: 0.006836046930402517
validating...
Time taken for epoch 41 is 7708.585167169571 sec
train data time=0.014061450958251953, train per epoch time=7618.63935136795, train per step time=2.1239585590655006, valid time=82.23235440254211
Train loss: 0.06904225051403046. Valid loss: 0.0069109234027564526
validating...
Val loss improved from 0.006836046930402517 to 0.006718512624502182
Time taken for epoch 42 is 7650.744738817215 sec
train data time=0.013510704040527344, train per epoch time=7557.766414403915, train per step time=2.106988127795906, valid time=83.80000472068787
Train loss: 0.0712595134973526. Valid loss: 0.006718512624502182
validating...
Time taken for epoch 43 is 7624.8363835811615 sec
train data time=0.013898134231567383, train per epoch time=7538.150326013565, train per step time=2.1015194664102497, valid time=78.76865100860596
Train loss: 0.07082237303256989. Valid loss: 0.0067648072727024555
validating...
Time taken for epoch 44 is 7747.882391691208 sec
train data time=0.013982772827148438, train per epoch time=7656.239905595779, train per step time=2.134441010759905, valid time=83.1222128868103
Train loss: 0.06943599134683609. Valid loss: 0.0068834321573376656
validating...
Time taken for epoch 45 is 7730.288058280945 sec
train data time=0.014325857162475586, train per epoch time=7648.565640926361, train per step time=2.132301544724383, valid time=73.63079905509949
Train loss: 0.07048796117305756. Valid loss: 0.006728002801537514
validating...
Val loss improved from 0.006718512624502182 to 0.0066951061598956585
Time taken for epoch 46 is 7645.8868708610535 sec
train data time=0.014454364776611328, train per epoch time=7550.5324766635895, train per step time=2.1049714180829633, valid time=86.35166621208191
Train loss: 0.06471899151802063. Valid loss: 0.0066951061598956585
validating...
Val loss improved from 0.0066951061598956585 to 0.006639997940510511
Time taken for epoch 47 is 7666.968399763107 sec
train data time=0.014258623123168945, train per epoch time=7582.214442014694, train per step time=2.1138038589391397, valid time=74.89516186714172
Train loss: 0.06440334022045135. Valid loss: 0.006639997940510511
validating...
Time taken for epoch 48 is 7646.034687995911 sec
train data time=0.01327061653137207, train per epoch time=7559.0733070373535, train per step time=2.1073524692047263, valid time=78.64793753623962
Train loss: 0.06843068450689316. Valid loss: 0.006676087621599436
validating...
Time taken for epoch 49 is 7651.534593820572 sec
train data time=0.01378321647644043, train per epoch time=7562.613999605179, train per step time=2.1083395594104206, valid time=80.78343534469604
Train loss: 0.06827573478221893. Valid loss: 0.006699693854898214
validating...
Time taken for epoch 50 is 7699.286872386932 sec
train data time=0.014354228973388672, train per epoch time=7609.8484609127045, train per step time=2.121507795069056, valid time=81.39235949516296
Train loss: 0.07229898869991302. Valid loss: 0.0066572800278663635
validating...
Val loss improved from 0.006639997940510511 to 0.006560101639479399
Time taken for epoch 51 is 7630.987780570984 sec
train data time=0.013969182968139648, train per epoch time=7541.153950452805, train per step time=2.1023568303464746, valid time=80.35759258270264
Train loss: 0.0764811560511589. Valid loss: 0.006560101639479399
validating...
Time taken for epoch 52 is 7688.772712469101 sec
train data time=0.01331472396850586, train per epoch time=7603.921705007553, train per step time=2.119855507389895, valid time=76.08650779724121
Train loss: 0.06987977027893066. Valid loss: 0.006575908977538347
validating...
Val loss improved from 0.006560101639479399 to 0.006558910012245178
Time taken for epoch 53 is 7609.169446468353 sec
train data time=0.013615608215332031, train per epoch time=7517.3403532505035, train per step time=2.095717968567188, valid time=81.13094210624695
Train loss: 0.07268910109996796. Valid loss: 0.006558910012245178
validating...
Time taken for epoch 54 is 7637.472989797592 sec
train data time=0.013804435729980469, train per epoch time=7550.156763315201, train per step time=2.104866675025147, valid time=78.57440543174744
Train loss: 0.06769057363271713. Valid loss: 0.006587981712073088
validating...
Val loss improved from 0.006558910012245178 to 0.006487694103270769
Time taken for epoch 55 is 7649.9342522621155 sec
train data time=0.013339042663574219, train per epoch time=7561.865076303482, train per step time=2.108130771202532, valid time=77.9982521533966
Train loss: 0.06734554469585419. Valid loss: 0.006487694103270769
validating...
Time taken for epoch 56 is 7629.572105407715 sec
train data time=0.013646364212036133, train per epoch time=7542.7326567173, train per step time=2.102796949182409, valid time=75.78591656684875
Train loss: 0.06717270612716675. Valid loss: 0.0065221237018704414
validating...
Val loss improved from 0.006487694103270769 to 0.006482948549091816
Time taken for epoch 57 is 7615.6130611896515 sec
train data time=0.013343334197998047, train per epoch time=7525.571648359299, train per step time=2.098012726055004, valid time=79.18395829200745
Train loss: 0.06583818048238754. Valid loss: 0.006482948549091816
validating...
Val loss improved from 0.006482948549091816 to 0.0064061470329761505
Time taken for epoch 58 is 7653.612034320831 sec
train data time=0.014239788055419922, train per epoch time=7562.006489276886, train per step time=2.1081701949475566, valid time=80.30498003959656
Train loss: 0.06620386242866516. Valid loss: 0.0064061470329761505
validating...
Time taken for epoch 59 is 7630.829968214035 sec
train data time=0.013647317886352539, train per epoch time=7546.262172698975, train per step time=2.103780923529126, valid time=75.59193444252014
Train loss: 0.06085018068552017. Valid loss: 0.006479271221905947
validating...
Time taken for epoch 60 is 7623.641158819199 sec
train data time=0.014441251754760742, train per epoch time=7534.993528842926, train per step time=2.100639400290752, valid time=78.97483205795288
Train loss: 0.06753997504711151. Valid loss: 0.006436868570744991
validating...
Time taken for epoch 61 is 7635.202444791794 sec
train data time=0.013786554336547852, train per epoch time=7545.333428859711, train per step time=2.103522004142657, valid time=80.06858825683594
Train loss: 0.06225581094622612. Valid loss: 0.006423453334718943
validating...
Val loss improved from 0.0064061470329761505 to 0.006338850595057011
Time taken for epoch 62 is 7620.326853513718 sec
train data time=0.013589143753051758, train per epoch time=7528.54901599884, train per step time=2.0988427700024643, valid time=80.75276398658752
Train loss: 0.0728922039270401. Valid loss: 0.006338850595057011
validating...
Val loss improved from 0.006338850595057011 to 0.006316934712231159
Time taken for epoch 63 is 7609.339945316315 sec
train data time=0.013707399368286133, train per epoch time=7522.525768518448, train per step time=2.097163581967786, valid time=75.75006556510925
Train loss: 0.0672781690955162. Valid loss: 0.006316934712231159
validating...
Time taken for epoch 64 is 7646.335713386536 sec
train data time=0.01339411735534668, train per epoch time=7557.701755285263, train per step time=2.106970101835869, valid time=79.32149744033813
Train loss: 0.0659506618976593. Valid loss: 0.006365305744111538
validating...
Time taken for epoch 65 is 7633.887834787369 sec
train data time=0.01420903205871582, train per epoch time=7547.062361717224, train per step time=2.1040040038241496, valid time=77.99698972702026
Train loss: 0.06205210089683533. Valid loss: 0.00643072510138154
validating...
Time taken for epoch 66 is 7629.495499610901 sec
train data time=0.012461662292480469, train per epoch time=7539.010944604874, train per step time=2.101759393533558, valid time=80.81336116790771
Train loss: 0.06325919926166534. Valid loss: 0.00636531226336956
validating...
Time taken for epoch 67 is 7625.319756984711 sec
train data time=0.01382589340209961, train per epoch time=7534.9546637535095, train per step time=2.1006285653062475, valid time=80.20626091957092
Train loss: 0.07477344572544098. Valid loss: 0.0063539124093949795
validating...
Time taken for epoch 68 is 7636.586920499802 sec
train data time=0.013560295104980469, train per epoch time=7545.619178771973, train per step time=2.1036016667889523, valid time=80.48968625068665
Train loss: 0.06586598604917526. Valid loss: 0.00632739020511508
validating...
Time taken for epoch 69 is 7630.785125732422 sec
train data time=0.01387643814086914, train per epoch time=7537.299877405167, train per step time=2.101282374520537, valid time=82.617751121521
Train loss: 0.06649315357208252. Valid loss: 0.00642929133027792
validating...
Val loss improved from 0.006316934712231159 to 0.0062727308832108974
Time taken for epoch 70 is 7665.254795074463 sec
train data time=0.013751506805419922, train per epoch time=7570.570401668549, train per step time=2.110557680978129, valid time=83.34686803817749
Train loss: 0.06435587257146835. Valid loss: 0.0062727308832108974
validating...
Time taken for epoch 71 is 7630.137752532959 sec
train data time=0.013098955154418945, train per epoch time=7538.708572149277, train per step time=2.101675096779837, valid time=80.860910654068
Train loss: 0.06547786295413971. Valid loss: 0.006283052731305361
validating...
Val loss improved from 0.0062727308832108974 to 0.006247801706194878
Time taken for epoch 72 is 7628.414348602295 sec
train data time=0.014120817184448242, train per epoch time=7532.051953315735, train per step time=2.0998193346294216, valid time=83.15899538993835
Train loss: 0.06543957442045212. Valid loss: 0.006247801706194878
validating...
Val loss improved from 1000000.0 to 0.006237125024199486
Time taken for epoch 73 is 7711.643027305603 sec
train data time=0.01137089729309082, train per epoch time=7631.5999484062195, train per step time=2.127571772625096, valid time=75.05479979515076
Train loss: 0.06498117744922638. Valid loss: 0.006237125024199486
validating...
Val loss improved from 0.006237125024199486 to 0.006221712566912174
Time taken for epoch 74 is 7710.857353687286 sec
train data time=0.011316299438476562, train per epoch time=7631.672889947891, train per step time=2.1275921075962896, valid time=74.59085273742676
Train loss: 0.06634584814310074. Valid loss: 0.006221712566912174
validating...
Time taken for epoch 75 is 7752.684986114502 sec
train data time=0.01077580451965332, train per epoch time=7670.975124120712, train per step time=2.1385489612826074, valid time=78.07471132278442
Train loss: 0.0666380375623703. Valid loss: 0.006312839221209288
validating...
Val loss improved from 0.006221712566912174 to 0.0061661312356591225
Time taken for epoch 76 is 7838.159285068512 sec
train data time=0.012264251708984375, train per epoch time=7759.743008136749, train per step time=2.1632960714069553, valid time=71.96392631530762
Train loss: 0.06785789132118225. Valid loss: 0.0061661312356591225
validating...
Val loss improved from 0.0061661312356591225 to 0.006164743565022945
Time taken for epoch 77 is 7836.266412973404 sec
train data time=0.010857820510864258, train per epoch time=7756.452742815018, train per step time=2.1623787964357453, valid time=74.48450088500977
Train loss: 0.06654402613639832. Valid loss: 0.006164743565022945
validating...
Val loss improved from 0.006164743565022945 to 0.006158122792840004
Time taken for epoch 78 is 7753.318632602692 sec
train data time=0.01208949089050293, train per epoch time=7677.210900306702, train per step time=2.1402873990261226, valid time=71.09341168403625
Train loss: 0.06970103085041046. Valid loss: 0.006158122792840004
validating...
Val loss improved from 0.006158122792840004 to 0.006144670769572258
Time taken for epoch 79 is 7727.33279633522 sec
train data time=0.011728286743164062, train per epoch time=7652.5488929748535, train per step time=2.1334120136534303, valid time=69.95014023780823
Train loss: 0.07010656595230103. Valid loss: 0.006144670769572258
validating...
Val loss improved from 0.006144670769572258 to 0.006110364105552435
Time taken for epoch 80 is 7749.407440185547 sec
train data time=0.011555194854736328, train per epoch time=7670.940707683563, train per step time=2.1385393665133994, valid time=73.09001898765564
Train loss: 0.06413501501083374. Valid loss: 0.006110364105552435
validating...
Val loss improved from 0.006110364105552435 to 0.0061081587336957455
Time taken for epoch 81 is 7774.937767028809 sec
train data time=0.011462688446044922, train per epoch time=7695.2416570186615, train per step time=2.145314094513148, valid time=73.97210264205933
Train loss: 0.0614195391535759. Valid loss: 0.0061081587336957455
validating...
Time taken for epoch 82 is 7738.222464323044 sec
train data time=0.011264324188232422, train per epoch time=7662.38187456131, train per step time=2.1361532965044074, valid time=70.8906729221344
Train loss: 0.06818749010562897. Valid loss: 0.0061431583017110825
validating...
Time taken for epoch 83 is 7732.493175983429 sec
train data time=0.012018203735351562, train per epoch time=7656.2033569812775, train per step time=2.1344308215727006, valid time=71.74428153038025
Train loss: 0.0643816590309143. Valid loss: 0.006155619863420725
validating...
Val loss improved from 0.0061081587336957455 to 0.0060638501308858395
Time taken for epoch 84 is 7773.314551353455 sec
train data time=0.011744976043701172, train per epoch time=7696.225202798843, train per step time=2.1455882918312916, valid time=71.31036925315857
Train loss: 0.06472115218639374. Valid loss: 0.0060638501308858395
validating...
Time taken for epoch 85 is 7839.812676906586 sec
train data time=0.011407136917114258, train per epoch time=7763.766732215881, train per step time=2.164417823310812, valid time=71.42855167388916
Train loss: 0.06003918498754501. Valid loss: 0.006119494792073965
validating...
Time taken for epoch 86 is 7758.802326202393 sec
train data time=0.011471271514892578, train per epoch time=7683.851357460022, train per step time=2.1421386555506055, valid time=70.4576051235199
Train loss: 0.06386001408100128. Valid loss: 0.006104041822254658
validating...
Time taken for epoch 87 is 7616.905166864395 sec
train data time=0.011612176895141602, train per epoch time=7541.4365701675415, train per step time=2.1024356203422196, valid time=70.49602341651917
Train loss: 0.06605011969804764. Valid loss: 0.0061096493154764175
validating...
Time taken for epoch 88 is 7591.783211231232 sec
train data time=0.011465311050415039, train per epoch time=7516.147831439972, train per step time=2.0953855119709988, valid time=71.0315613746643
Train loss: 0.06466672569513321. Valid loss: 0.006126550957560539
validating...
Val loss improved from 0.0060638501308858395 to 0.006044082809239626
Time taken for epoch 89 is 7590.336572170258 sec
train data time=0.010992288589477539, train per epoch time=7514.801022052765, train per step time=2.095010042389954, valid time=69.91649770736694
Train loss: 0.06279615312814713. Valid loss: 0.006044082809239626
validating...
Time taken for epoch 90 is 7601.19415473938 sec
train data time=0.011589527130126953, train per epoch time=7515.703096151352, train per step time=2.095261526666114, valid time=80.53194737434387
Train loss: 0.06083709001541138. Valid loss: 0.0060854568146169186
validating...
Time taken for epoch 91 is 7684.031051397324 sec
train data time=0.011396169662475586, train per epoch time=7607.206752300262, train per step time=2.1207713276554956, valid time=71.98148345947266
Train loss: 0.06247064471244812. Valid loss: 0.006058132741600275
validating...
Time taken for epoch 92 is 7645.085347414017 sec
train data time=0.010938882827758789, train per epoch time=7557.347370147705, train per step time=2.106871304752636, valid time=81.82444715499878
Train loss: 0.06504330784082413. Valid loss: 0.006049906834959984
validating...
Val loss improved from 0.006044082809239626 to 0.006002806127071381
Time taken for epoch 93 is 7635.78040766716 sec
train data time=0.011409282684326172, train per epoch time=7556.827860355377, train per step time=2.106726473475154, valid time=72.64252209663391
Train loss: 0.0647955909371376. Valid loss: 0.006002806127071381
validating...
Time taken for epoch 94 is 7632.960568189621 sec
train data time=0.011047840118408203, train per epoch time=7555.2044632434845, train per step time=2.1062738955236924, valid time=71.9936957359314
Train loss: 0.06601489335298538. Valid loss: 0.0060221953317523
validating...
Val loss improved from 0.006002806127071381 to 0.005987240467220545
Time taken for epoch 95 is 7644.504768133163 sec
train data time=0.011342525482177734, train per epoch time=7565.508178949356, train per step time=2.109146411750587, valid time=72.27244830131531
Train loss: 0.06105226278305054. Valid loss: 0.005987240467220545
validating...
Time taken for epoch 96 is 7641.591646909714 sec
train data time=0.010935783386230469, train per epoch time=7562.072712898254, train per step time=2.1081886570667003, valid time=72.32561111450195
Train loss: 0.06044619530439377. Valid loss: 0.006019100546836853
validating...
Val loss improved from 0.005987240467220545 to 0.005965397227555513
Time taken for epoch 97 is 7623.780270576477 sec
train data time=0.011065006256103516, train per epoch time=7544.607531070709, train per step time=2.1033196350908026, valid time=72.2415280342102
Train loss: 0.06534595787525177. Valid loss: 0.005965397227555513
validating...
Time taken for epoch 98 is 7619.576212882996 sec
train data time=0.011376380920410156, train per epoch time=7540.61609005928, train per step time=2.102206883205821, valid time=73.33157014846802
Train loss: 0.06142590567469597. Valid loss: 0.006005167495459318
validating...
Val loss improved from 0.005965397227555513 to 0.005930417217314243
Time taken for epoch 99 is 7626.323728561401 sec
train data time=0.011237859725952148, train per epoch time=7546.897675991058, train per step time=2.1039580919963923, valid time=72.74494123458862
Train loss: 0.06395392119884491. Valid loss: 0.005930417217314243
validating...
Time taken for epoch 100 is 7629.680214166641 sec
train data time=0.011189460754394531, train per epoch time=7543.094762325287, train per step time=2.102897898613127, valid time=80.31975221633911
Train loss: 0.06147950142621994. Valid loss: 0.005960992071777582
validating...
Time taken for epoch 101 is 7630.850200414658 sec
train data time=0.011895418167114258, train per epoch time=7546.593417167664, train per step time=2.103873269352569, valid time=78.54149675369263
Train loss: 0.06366267800331116. Valid loss: 0.005975112318992615
validating...
Time taken for epoch 102 is 7616.843061208725 sec
train data time=0.011234521865844727, train per epoch time=7537.147327423096, train per step time=2.1012398459501243, valid time=74.133371591568
Train loss: 0.06320740282535553. Valid loss: 0.005947473458945751
validating...
Time taken for epoch 103 is 7619.4789090156555 sec
train data time=0.01130533218383789, train per epoch time=7533.208051204681, train per step time=2.100141636800859, valid time=79.84072732925415
Train loss: 0.05894932150840759. Valid loss: 0.0059652673080563545
validating...
Time taken for epoch 104 is 7646.709974765778 sec
train data time=0.011141300201416016, train per epoch time=7558.963706970215, train per step time=2.107321914404855, valid time=79.84839367866516
Train loss: 0.06204116344451904. Valid loss: 0.005931468680500984
validating...
Time taken for epoch 105 is 7667.309449195862 sec
train data time=0.011075019836425781, train per epoch time=7585.603840589523, train per step time=2.114748770724707, valid time=75.22405052185059
Train loss: 0.07240472733974457. Valid loss: 0.00594762247055769
validating...
Time taken for epoch 106 is 7665.996958017349 sec
train data time=0.01134800910949707, train per epoch time=7582.610016822815, train per step time=2.113914139064069, valid time=76.94438552856445
Train loss: 0.06489020586013794. Valid loss: 0.005930428858846426
validating...
Val loss improved from 0.005930417217314243 to 0.005900227930396795
Time taken for epoch 107 is 7659.722798347473 sec
train data time=0.01128530502319336, train per epoch time=7577.046765327454, train per step time=2.1123631907798868, valid time=75.38002634048462
Train loss: 0.06346293538808823. Valid loss: 0.005900227930396795
validating...
Val loss improved from 0.005900227930396795 to 0.00588255375623703
Time taken for epoch 108 is 7681.2901492118835 sec
train data time=0.010770797729492188, train per epoch time=7596.675177574158, train per step time=2.11783528786567, valid time=76.3441436290741
Train loss: 0.0635635182261467. Valid loss: 0.00588255375623703
validating...
Val loss improved from 1000000.0 to 0.005896762479096651
Time taken for epoch 109 is 7612.204420089722 sec
train data time=0.013294458389282227, train per epoch time=7534.716548919678, train per step time=2.1005621825814544, valid time=72.15317153930664
Train loss: 0.06406166404485703. Valid loss: 0.005896762479096651
validating...
Val loss improved from 0.005896762479096651 to 0.0058873374946415424
Time taken for epoch 110 is 7606.5226855278015 sec
train data time=0.013558387756347656, train per epoch time=7532.062225580215, train per step time=2.0998221983775345, valid time=69.79547119140625
Train loss: 0.07000768184661865. Valid loss: 0.0058873374946415424
