validating...
Val loss improved from 1000000.0 to 0.019723329693078995
Time taken for epoch 1 is 1946.42972946167 sec
train data time=0.015808582305908203, train per epoch time=1913.8473391532898, train per step time=0.35566759694355876, valid time=27.804614305496216
Train loss: 0.12537749111652374. Valid loss: 0.019723329693078995
validating...
Val loss improved from 0.019723329693078995 to 0.01606607995927334
Time taken for epoch 2 is 2763.230217218399 sec
train data time=0.015146017074584961, train per epoch time=2730.174305677414, train per step time=0.5073730358069901, valid time=27.328498125076294
Train loss: 0.11159323155879974. Valid loss: 0.01606607995927334
validating...
Val loss improved from 0.01606607995927334 to 0.014498837292194366
Time taken for epoch 3 is 2972.874593734741 sec
train data time=0.014990091323852539, train per epoch time=2944.962461948395, train per step time=0.5472890655915991, valid time=21.877767086029053
Train loss: 0.10799650847911835. Valid loss: 0.014498837292194366
validating...
Val loss improved from 0.014498837292194366 to 0.013674978166818619
Time taken for epoch 4 is 3016.782873392105 sec
train data time=0.015162467956542969, train per epoch time=2987.864166498184, train per step time=0.5552618781821566, valid time=22.389294147491455
Train loss: 0.10434713959693909. Valid loss: 0.013674978166818619
validating...
Val loss improved from 0.013674978166818619 to 0.01322950329631567
Time taken for epoch 5 is 3013.60430765152 sec
train data time=0.01470184326171875, train per epoch time=2985.0967330932617, train per step time=0.5547475809502438, valid time=22.404170274734497
Train loss: 0.10794167220592499. Valid loss: 0.01322950329631567
validating...
Val loss improved from 0.01322950329631567 to 0.012791607528924942
Time taken for epoch 6 is 3008.0601539611816 sec
train data time=0.014861345291137695, train per epoch time=2980.0950083732605, train per step time=0.5538180651130385, valid time=22.324805736541748
Train loss: 0.10342627018690109. Valid loss: 0.012791607528924942
validating...
Val loss improved from 0.012791607528924942 to 0.012402244843542576
Time taken for epoch 7 is 3022.7070784568787 sec
train data time=0.014842510223388672, train per epoch time=2993.9948847293854, train per step time=0.5564012051160352, valid time=22.424397945404053
Train loss: 0.09926921129226685. Valid loss: 0.012402244843542576
validating...
Val loss improved from 0.012402244843542576 to 0.012261291965842247
Time taken for epoch 8 is 3013.145962715149 sec
train data time=0.01494145393371582, train per epoch time=2984.930366039276, train per step time=0.5547166634527553, valid time=22.506102323532104
Train loss: 0.0984952300786972. Valid loss: 0.012261291965842247
validating...
Val loss improved from 0.012261291965842247 to 0.012125390581786633
Time taken for epoch 9 is 3010.6249516010284 sec
train data time=0.014983415603637695, train per epoch time=2981.943039417267, train per step time=0.5541615014713375, valid time=22.37229323387146
Train loss: 0.09992779046297073. Valid loss: 0.012125390581786633
validating...
Val loss improved from 0.012125390581786633 to 0.012044268660247326
Time taken for epoch 10 is 3010.4476561546326 sec
train data time=0.015016555786132812, train per epoch time=2981.5524048805237, train per step time=0.5540889063149087, valid time=22.86323595046997
Train loss: 0.09323172271251678. Valid loss: 0.012044268660247326
validating...
Val loss improved from 0.012044268660247326 to 0.011786176823079586
Time taken for epoch 11 is 2999.941481590271 sec
train data time=0.01532125473022461, train per epoch time=2972.2264182567596, train per step time=0.5523557736957367, valid time=22.403549194335938
Train loss: 0.09577630460262299. Valid loss: 0.011786176823079586
validating...
Val loss improved from 0.011786176823079586 to 0.01177383866161108
Time taken for epoch 12 is 3009.777419567108 sec
train data time=0.014482736587524414, train per epoch time=2981.0602746009827, train per step time=0.5539974492847022, valid time=22.32086682319641
Train loss: 0.10339009016752243. Valid loss: 0.01177383866161108
validating...
Val loss improved from 0.01177383866161108 to 0.011648883111774921
Time taken for epoch 13 is 3023.1681559085846 sec
train data time=0.015341997146606445, train per epoch time=2994.5456805229187, train per step time=0.5565035644904142, valid time=22.407970190048218
Train loss: 0.09536360204219818. Valid loss: 0.011648883111774921
validating...
Val loss improved from 0.011648883111774921 to 0.011556850746273994
Time taken for epoch 14 is 3014.048978805542 sec
train data time=0.01575493812561035, train per epoch time=2985.4640095233917, train per step time=0.5548158352580174, valid time=22.37906503677368
Train loss: 0.09165365993976593. Valid loss: 0.011556850746273994
validating...
Val loss improved from 0.011556850746273994 to 0.011466900818049908
Time taken for epoch 15 is 3013.958266019821 sec
train data time=0.015516996383666992, train per epoch time=2986.020247220993, train per step time=0.5549192059507514, valid time=22.39523959159851
Train loss: 0.09480580687522888. Valid loss: 0.011466900818049908
validating...
Val loss improved from 0.011466900818049908 to 0.011406353674829006
Time taken for epoch 16 is 3009.7754900455475 sec
train data time=0.015193462371826172, train per epoch time=2981.3749346733093, train per step time=0.5540559254178237, valid time=22.350030660629272
Train loss: 0.09804022312164307. Valid loss: 0.011406353674829006
validating...
Val loss improved from 0.011406353674829006 to 0.011382249183952808
Time taken for epoch 17 is 3007.8797929286957 sec
train data time=0.014970779418945312, train per epoch time=2979.375356912613, train per step time=0.5536843257596381, valid time=22.48409914970398
Train loss: 0.09901721775531769. Valid loss: 0.011382249183952808
validating...
Val loss improved from 0.011382249183952808 to 0.011283287778496742
Time taken for epoch 18 is 3011.830926179886 sec
train data time=0.01535654067993164, train per epoch time=2983.1642742156982, train per step time=0.5543884546024341, valid time=22.659985542297363
Train loss: 0.1034228578209877. Valid loss: 0.011283287778496742
validating...
Time taken for epoch 19 is 3008.258395910263 sec
train data time=0.015254020690917969, train per epoch time=2981.694883823395, train per step time=0.554115384468202, valid time=21.936866760253906
Train loss: 0.09326010942459106. Valid loss: 0.011346613988280296
validating...
Val loss improved from 0.011283287778496742 to 0.01128165703266859
Time taken for epoch 20 is 3015.2129957675934 sec
train data time=0.015294790267944336, train per epoch time=2986.4982800483704, train per step time=0.5550080431236518, valid time=22.45064115524292
Train loss: 0.09907586872577667. Valid loss: 0.01128165703266859
validating...
Val loss improved from 0.01128165703266859 to 0.011160977184772491
Time taken for epoch 21 is 3011.984523296356 sec
train data time=0.015288114547729492, train per epoch time=2983.522319316864, train per step time=0.5544549933686794, valid time=22.3275249004364
Train loss: 0.09607754647731781. Valid loss: 0.011160977184772491
validating...
Val loss improved from 0.011160977184772491 to 0.011106885969638824
Time taken for epoch 22 is 2992.333348274231 sec
train data time=0.015430688858032227, train per epoch time=2964.4148926734924, train per step time=0.5509040870978429, valid time=21.791008472442627
Train loss: 0.09271105378866196. Valid loss: 0.011106885969638824
validating...
Val loss improved from 0.011106885969638824 to 0.011079983785748482
Time taken for epoch 23 is 2959.279208421707 sec
train data time=0.015074491500854492, train per epoch time=2925.4232606887817, train per step time=0.5436579187304929, valid time=27.732681035995483
Train loss: 0.09099234640598297. Valid loss: 0.011079983785748482
validating...
Val loss improved from 0.011079983785748482 to 0.011053481139242649
Time taken for epoch 24 is 2951.972728252411 sec
train data time=0.014959335327148438, train per epoch time=2924.2120752334595, train per step time=0.543432833159907, valid time=21.801218509674072
Train loss: 0.0987367182970047. Valid loss: 0.011053481139242649
validating...
Val loss improved from 0.011053481139242649 to 0.010994989424943924
Time taken for epoch 25 is 2945.725984096527 sec
train data time=0.01559591293334961, train per epoch time=2917.864818096161, train per step time=0.5422532648385358, valid time=22.01228094100952
Train loss: 0.08847544342279434. Valid loss: 0.010994989424943924
validating...
Time taken for epoch 26 is 2952.821637392044 sec
train data time=0.01572704315185547, train per epoch time=2925.725868701935, train per step time=0.5437141551202258, valid time=21.966033220291138
Train loss: 0.09195645153522491. Valid loss: 0.01108409184962511
validating...
Time taken for epoch 27 is 2945.31845164299 sec
train data time=0.015137195587158203, train per epoch time=2918.1026413440704, train per step time=0.5422974616881752, valid time=21.90183997154236
Train loss: 0.09018458425998688. Valid loss: 0.011041419580578804
validating...
Val loss improved from 0.010994989424943924 to 0.010896687395870686
Time taken for epoch 28 is 2947.628475666046 sec
train data time=0.015729665756225586, train per epoch time=2920.179048538208, train per step time=0.5426833392563107, valid time=21.791104316711426
Train loss: 0.08746110647916794. Valid loss: 0.010896687395870686
validating...
Time taken for epoch 29 is 2941.402219772339 sec
train data time=0.014826536178588867, train per epoch time=2914.014668941498, train per step time=0.5415377567257941, valid time=21.967432260513306
Train loss: 0.09829480946063995. Valid loss: 0.011011967435479164
validating...
Val loss improved from 0.010896687395870686 to 0.010890500620007515
Time taken for epoch 30 is 2951.778904438019 sec
train data time=0.015013694763183594, train per epoch time=2924.2032952308655, train per step time=0.5434312014924485, valid time=21.805355072021484
Train loss: 0.09240517765283585. Valid loss: 0.010890500620007515
validating...
Val loss improved from 0.010890500620007515 to 0.010887693613767624
Time taken for epoch 31 is 2948.541342496872 sec
train data time=0.015236854553222656, train per epoch time=2920.7775435447693, train per step time=0.5427945630077624, valid time=21.776352882385254
Train loss: 0.09270460903644562. Valid loss: 0.010887693613767624
validating...
Val loss improved from 0.010887693613767624 to 0.01085731852799654
Time taken for epoch 32 is 2938.821132659912 sec
train data time=0.015132904052734375, train per epoch time=2911.524876832962, train per step time=0.541075056092355, valid time=21.839434385299683
Train loss: 0.09473086893558502. Valid loss: 0.01085731852799654
validating...
Val loss improved from 0.01085731852799654 to 0.010845309123396873
Time taken for epoch 33 is 2944.5951459407806 sec
train data time=0.014838933944702148, train per epoch time=2916.735940694809, train per step time=0.5420434753196077, valid time=21.94858169555664
Train loss: 0.09191298484802246. Valid loss: 0.010845309123396873
validating...
Time taken for epoch 34 is 2943.6081280708313 sec
train data time=0.014947652816772461, train per epoch time=2916.5368955135345, train per step time=0.5420064849495511, valid time=21.67737340927124
Train loss: 0.08849282562732697. Valid loss: 0.010876770131289959
validating...
Val loss improved from 0.010845309123396873 to 0.010821281000971794
Time taken for epoch 35 is 2948.771313428879 sec
train data time=0.015255451202392578, train per epoch time=2920.64079785347, train per step time=0.5427691503165712, valid time=21.924601793289185
Train loss: 0.09464843571186066. Valid loss: 0.010821281000971794
validating...
Time taken for epoch 36 is 2948.839439868927 sec
train data time=0.016216039657592773, train per epoch time=2921.831750392914, train per step time=0.542990475821021, valid time=21.805376529693604
Train loss: 0.08981667459011078. Valid loss: 0.010848627425730228
validating...
Val loss improved from 0.010821281000971794 to 0.010746639221906662
Time taken for epoch 37 is 2943.3884093761444 sec
train data time=0.015770673751831055, train per epoch time=2915.572037220001, train per step time=0.5418271765879951, valid time=21.70524525642395
Train loss: 0.09779082238674164. Valid loss: 0.010746639221906662
validating...
Time taken for epoch 38 is 2946.8603127002716 sec
train data time=0.015471458435058594, train per epoch time=2919.92648601532, train per step time=0.5426364032736145, valid time=21.74747109413147
Train loss: 0.08520016819238663. Valid loss: 0.010753931477665901
validating...
Val loss improved from 0.010746639221906662 to 0.010676540434360504
Time taken for epoch 39 is 2949.6592485904694 sec
train data time=0.014985084533691406, train per epoch time=2921.55246925354, train per step time=0.5429385744756625, valid time=21.909798622131348
Train loss: 0.08944463729858398. Valid loss: 0.010676540434360504
validating...
Time taken for epoch 40 is 3479.314896583557 sec
train data time=0.01572394371032715, train per epoch time=3443.7280514240265, train per step time=0.6399791955814953, valid time=28.418999195098877
Train loss: 0.09276232123374939. Valid loss: 0.010706206783652306
validating...
Time taken for epoch 41 is 4179.98711681366 sec
train data time=0.013707399368286133, train per epoch time=4144.333649158478, train per step time=0.7701790836570299, valid time=29.438471794128418
Train loss: 0.08779150992631912. Valid loss: 0.010706748813390732
validating...
Val loss improved from 0.010676540434360504 to 0.010670079849660397
Time taken for epoch 42 is 4153.6690325737 sec
train data time=0.013942718505859375, train per epoch time=4117.88663816452, train per step time=0.7652641959049471, valid time=28.445061683654785
Train loss: 0.09422498941421509. Valid loss: 0.010670079849660397
validating...
Time taken for epoch 43 is 4166.042315006256 sec
train data time=0.013525009155273438, train per epoch time=4130.399282217026, train per step time=0.767589533955961, valid time=28.65007996559143
Train loss: 0.09236094355583191. Valid loss: 0.010703413747251034
validating...
Time taken for epoch 44 is 4173.17410826683 sec
train data time=0.01384592056274414, train per epoch time=4137.460825681686, train per step time=0.7689018445793879, valid time=28.458022832870483
Train loss: 0.09257905185222626. Valid loss: 0.010706407949328423
validating...
Val loss improved from 0.010670079849660397 to 0.010669194161891937
Time taken for epoch 45 is 4168.913874387741 sec
train data time=0.01354527473449707, train per epoch time=4132.3088455200195, train per step time=0.7679444054116371, valid time=28.46749448776245
Train loss: 0.09308576583862305. Valid loss: 0.010669194161891937
validating...
Time taken for epoch 46 is 4166.917027950287 sec
train data time=0.013566017150878906, train per epoch time=4130.800613164902, train per step time=0.7676641169234161, valid time=28.52141547203064
Train loss: 0.08168300986289978. Valid loss: 0.01068885251879692
validating...
Val loss improved from 0.010669194161891937 to 0.010592862963676453
Time taken for epoch 47 is 4164.219867944717 sec
train data time=0.013957023620605469, train per epoch time=4127.868980646133, train per step time=0.7671193050819798, valid time=28.42326307296753
Train loss: 0.085786372423172. Valid loss: 0.010592862963676453
validating...
Val loss improved from 0.010592862963676453 to 0.010582144372165203
Time taken for epoch 48 is 4169.413890361786 sec
train data time=0.013768434524536133, train per epoch time=4133.857205629349, train per step time=0.7682321512041161, valid time=28.58141589164734
Train loss: 0.08850164711475372. Valid loss: 0.010582144372165203
validating...
Time taken for epoch 49 is 4185.985100507736 sec
train data time=0.013671159744262695, train per epoch time=4150.508959531784, train per step time=0.7713266975528311, valid time=28.53022837638855
Train loss: 0.08869467675685883. Valid loss: 0.010586509481072426
validating...
Time taken for epoch 50 is 4169.810764312744 sec
train data time=0.013703107833862305, train per epoch time=4134.8993809223175, train per step time=0.7684258280844299, valid time=28.25392484664917
Train loss: 0.093935027718544. Valid loss: 0.010593620128929615
validating...
Time taken for epoch 51 is 4180.697348833084 sec
train data time=0.013824462890625, train per epoch time=4146.351314783096, train per step time=0.7705540447469051, valid time=28.50779676437378
Train loss: 0.08980134129524231. Valid loss: 0.010596870444715023
validating...
Val loss improved from 0.010582144372165203 to 0.010563154704868793
Time taken for epoch 52 is 4181.0639407634735 sec
train data time=0.013748645782470703, train per epoch time=4144.69190120697, train per step time=0.7702456608821725, valid time=28.182663202285767
Train loss: 0.08436990529298782. Valid loss: 0.010563154704868793
validating...
Val loss improved from 0.010563154704868793 to 0.010549935512244701
Time taken for epoch 53 is 4178.734202623367 sec
train data time=0.013730049133300781, train per epoch time=4142.621659755707, train per step time=0.7698609291499177, valid time=28.36940312385559
Train loss: 0.08794108778238297. Valid loss: 0.010549935512244701
validating...
Time taken for epoch 54 is 4173.3648200035095 sec
train data time=0.013328313827514648, train per epoch time=4136.857092380524, train per step time=0.7687896473481739, valid time=29.569048643112183
Train loss: 0.09121591597795486. Valid loss: 0.010581177659332752
validating...
Val loss improved from 0.010549935512244701 to 0.010546762496232986
Time taken for epoch 55 is 4183.095764398575 sec
train data time=0.013551712036132812, train per epoch time=4147.100824356079, train per step time=0.7706933329039359, valid time=28.32132911682129
Train loss: 0.09046931564807892. Valid loss: 0.010546762496232986
validating...
Val loss improved from 0.010546762496232986 to 0.010497289709746838
Time taken for epoch 56 is 4159.7996237277985 sec
train data time=0.013780832290649414, train per epoch time=4123.198130846024, train per step time=0.7662512787299802, valid time=28.376384973526
Train loss: 0.0916966050863266. Valid loss: 0.010497289709746838
validating...
Time taken for epoch 57 is 4185.015948057175 sec
train data time=0.013404130935668945, train per epoch time=4151.142981767654, train per step time=0.7714445236513017, valid time=28.377708673477173
Train loss: 0.08970783650875092. Valid loss: 0.010521705262362957
validating...
Time taken for epoch 58 is 4180.716183662415 sec
train data time=0.013616085052490234, train per epoch time=4145.445254325867, train per step time=0.7703856633201759, valid time=28.24222755432129
Train loss: 0.08506084978580475. Valid loss: 0.010501372627913952
validating...
Val loss improved from 0.010497289709746838 to 0.010459773242473602
Time taken for epoch 59 is 4171.891594171524 sec
train data time=0.014071226119995117, train per epoch time=4135.730593919754, train per step time=0.7685802999293354, valid time=28.38915753364563
Train loss: 0.08237013965845108. Valid loss: 0.010459773242473602
validating...
Time taken for epoch 60 is 4180.947276830673 sec
train data time=0.013502120971679688, train per epoch time=4145.576851129532, train per step time=0.7704101191469117, valid time=28.59807062149048
Train loss: 0.09064459800720215. Valid loss: 0.01050654612481594
validating...
Time taken for epoch 61 is 4173.701774835587 sec
train data time=0.01378488540649414, train per epoch time=4137.98935675621, train per step time=0.76900006629924, valid time=28.651861429214478
Train loss: 0.08732061088085175. Valid loss: 0.01049051620066166
validating...
Time taken for epoch 62 is 4161.620112657547 sec
train data time=0.01360774040222168, train per epoch time=4125.8720779418945, train per step time=0.7667482025537808, valid time=29.140108346939087
Train loss: 0.09570669382810593. Valid loss: 0.010497848503291607
validating...
Val loss improved from 0.010459773242473602 to 0.010417895391583443
Time taken for epoch 63 is 4197.3664009571075 sec
train data time=0.013354063034057617, train per epoch time=4161.206459760666, train per step time=0.7733147109757789, valid time=28.484540224075317
Train loss: 0.08780447393655777. Valid loss: 0.010417895391583443
validating...
Time taken for epoch 64 is 4185.125306606293 sec
train data time=0.013527154922485352, train per epoch time=4150.28279542923, train per step time=0.7712846674278442, valid time=28.41250967979431
Train loss: 0.09257284551858902. Valid loss: 0.010449633933603764
validating...
Val loss improved from 0.010417895391583443 to 0.01039799302816391
Time taken for epoch 65 is 4168.9420738220215 sec
train data time=0.013041019439697266, train per epoch time=4133.488564729691, train per step time=0.7681636433246033, valid time=28.459890604019165
Train loss: 0.09157135337591171. Valid loss: 0.01039799302816391
validating...
Time taken for epoch 66 is 4175.5294325351715 sec
train data time=0.01338815689086914, train per epoch time=4140.8187255859375, train per step time=0.7695258735524879, valid time=28.503175020217896
Train loss: 0.09045406430959702. Valid loss: 0.01043381355702877
validating...
Time taken for epoch 67 is 4187.260880470276 sec
train data time=0.013397216796875, train per epoch time=4151.2756679058075, train per step time=0.7714691819189384, valid time=28.604028940200806
Train loss: 0.09372394531965256. Valid loss: 0.010416923090815544
validating...
Time taken for epoch 68 is 4174.121330499649 sec
train data time=0.013782262802124023, train per epoch time=4138.530452013016, train per step time=0.7691006229349593, valid time=28.43519639968872
Train loss: 0.09214569628238678. Valid loss: 0.010437804274260998
validating...
Time taken for epoch 69 is 4182.746455669403 sec
train data time=0.013985872268676758, train per epoch time=4147.96302819252, train per step time=0.7708535640573351, valid time=28.53752636909485
Train loss: 0.09140510857105255. Valid loss: 0.010455249808728695
validating...
Val loss improved from 0.01039799302816391 to 0.010388961061835289
Time taken for epoch 70 is 4189.939889192581 sec
train data time=0.013599157333374023, train per epoch time=4153.18313574791, train per step time=0.7718236639561251, valid time=29.27653980255127
Train loss: 0.09241704642772675. Valid loss: 0.010388961061835289
validating...
Time taken for epoch 71 is 4177.698060512543 sec
train data time=0.013841867446899414, train per epoch time=4142.884235858917, train per step time=0.7699097260470019, valid time=28.479970455169678
Train loss: 0.0867721438407898. Valid loss: 0.010396060533821583
validating...
Val loss improved from 0.010388961061835289 to 0.010371674783527851
Time taken for epoch 72 is 4165.075353860855 sec
train data time=0.013103485107421875, train per epoch time=4128.301306962967, train per step time=0.7671996481997708, valid time=29.305863618850708
Train loss: 0.09131479263305664. Valid loss: 0.010371674783527851
validating...
Time taken for epoch 73 is 4171.353403329849 sec
train data time=0.013271570205688477, train per epoch time=4135.55233669281, train per step time=0.768547172773241, valid time=28.684956073760986
Train loss: 0.08570267260074615. Valid loss: 0.01039843074977398
validating...
Val loss improved from 0.010371674783527851 to 0.010344171896576881
Time taken for epoch 74 is 4164.937375545502 sec
train data time=0.013464689254760742, train per epoch time=4128.593458175659, train per step time=0.7672539413075004, valid time=28.387688159942627
Train loss: 0.08988390862941742. Valid loss: 0.010344171896576881
validating...
Time taken for epoch 75 is 4171.723477125168 sec
train data time=0.013473033905029297, train per epoch time=4136.389823675156, train per step time=0.7687028105696256, valid time=28.447362661361694
Train loss: 0.09196735918521881. Valid loss: 0.010350759141147137
validating...
Time taken for epoch 76 is 4173.540186882019 sec
train data time=0.01343846321105957, train per epoch time=4137.58411192894, train per step time=0.768924755980104, valid time=29.225439071655273
Train loss: 0.09190449863672256. Valid loss: 0.010344860143959522
validating...
Time taken for epoch 77 is 4175.935797214508 sec
train data time=0.013443231582641602, train per epoch time=4140.692828178406, train per step time=0.7695024768961913, valid time=28.51254153251648
Train loss: 0.08999717235565186. Valid loss: 0.010349332354962826
validating...
Time taken for epoch 78 is 4176.532994270325 sec
train data time=0.013651609420776367, train per epoch time=4141.000464439392, train per step time=0.7695596477307921, valid time=28.499089241027832
Train loss: 0.08948217332363129. Valid loss: 0.01034839078783989
validating...
Val loss improved from 0.010344171896576881 to 0.010321804322302341
Time taken for epoch 79 is 4169.621770620346 sec
train data time=0.013385772705078125, train per epoch time=4133.782742023468, train per step time=0.768218312957344, valid time=28.382622003555298
Train loss: 0.09212885797023773. Valid loss: 0.010321804322302341
validating...
Time taken for epoch 80 is 4165.210574150085 sec
train data time=0.013584375381469727, train per epoch time=4129.876178026199, train per step time=0.7674923207630923, valid time=28.394207000732422
Train loss: 0.09369650483131409. Valid loss: 0.010377904400229454
validating...
Val loss improved from 0.010321804322302341 to 0.010300780646502972
Time taken for epoch 81 is 4174.463916301727 sec
train data time=0.013604164123535156, train per epoch time=4137.216488838196, train per step time=0.7688564372492466, valid time=29.486302614212036
Train loss: 0.09029604494571686. Valid loss: 0.010300780646502972
validating...
Time taken for epoch 82 is 4181.01179432869 sec
train data time=0.013440370559692383, train per epoch time=4145.588423252106, train per step time=0.7704122696993321, valid time=28.48936891555786
Train loss: 0.09147413074970245. Valid loss: 0.010313821025192738
validating...
Time taken for epoch 83 is 4164.19562959671 sec
train data time=0.014234781265258789, train per epoch time=4128.272330284119, train per step time=0.7671942632009141, valid time=28.573845624923706
Train loss: 0.09363202750682831. Valid loss: 0.010334433987736702
validating...
Val loss improved from 0.010300780646502972 to 0.010275807231664658
Time taken for epoch 84 is 4166.271902322769 sec
train data time=0.013557672500610352, train per epoch time=4131.317352771759, train per step time=0.7677601473279612, valid time=28.45637845993042
Train loss: 0.08939746022224426. Valid loss: 0.010275807231664658
validating...
Val loss improved from 0.010275807231664658 to 0.010269577614963055
Time taken for epoch 85 is 4178.765374660492 sec
train data time=0.013906002044677734, train per epoch time=4143.06883597374, train per step time=0.7699440319594387, valid time=28.432151556015015
Train loss: 0.08695003390312195. Valid loss: 0.010269577614963055
validating...
Time taken for epoch 86 is 4167.185920953751 sec
train data time=0.014352798461914062, train per epoch time=4131.182834386826, train per step time=0.767735148557299, valid time=28.556304454803467
Train loss: 0.09091271460056305. Valid loss: 0.010292991064488888
validating...
Time taken for epoch 87 is 4189.815785169601 sec
train data time=0.014221429824829102, train per epoch time=4154.409864664078, train per step time=0.7720516381089162, valid time=28.506401538848877
Train loss: 0.08767778426408768. Valid loss: 0.010315660387277603
validating...
Val loss improved from 0.010269577614963055 to 0.010248181410133839
Time taken for epoch 88 is 4199.542600631714 sec
train data time=0.01396632194519043, train per epoch time=4163.517596006393, train per step time=0.7737442103710079, valid time=28.591999769210815
Train loss: 0.08553436398506165. Valid loss: 0.010248181410133839
validating...
Time taken for epoch 89 is 4195.721255779266 sec
train data time=0.013590812683105469, train per epoch time=4160.6747941970825, train per step time=0.7732159067454158, valid time=28.411728858947754
Train loss: 0.09101685136556625. Valid loss: 0.010251776315271854
validating...
Val loss improved from 1000000.0 to 0.010224946774542332
Time taken for epoch 90 is 4164.243278980255 sec
train data time=0.01318669319152832, train per epoch time=4126.661859035492, train per step time=0.7668949747324831, valid time=29.777836322784424
Train loss: 0.08525821566581726. Valid loss: 0.010224946774542332
validating...
Time taken for epoch 91 is 4307.970809936523 sec
train data time=0.013452768325805664, train per epoch time=4271.870965003967, train per step time=0.7938804989786225, valid time=29.197592973709106
Train loss: 0.08973981440067291. Valid loss: 0.01023971289396286
validating...
Time taken for epoch 92 is 4294.8139617443085 sec
train data time=0.013799428939819336, train per epoch time=4260.121951818466, train per step time=0.7916970733726939, valid time=28.126286506652832
Train loss: 0.09131994843482971. Valid loss: 0.010257730260491371
validating...
Time taken for epoch 93 is 4305.946273803711 sec
train data time=0.013692378997802734, train per epoch time=4271.013549566269, train per step time=0.7937211576967607, valid time=28.357650995254517
Train loss: 0.08833691477775574. Valid loss: 0.010231400839984417
validating...
Time taken for epoch 94 is 4302.416297912598 sec
train data time=0.012588739395141602, train per epoch time=4267.109142541885, train per step time=0.7929955663523296, valid time=28.599177598953247
Train loss: 0.08855701982975006. Valid loss: 0.01024376880377531
validating...
Val loss improved from 0.010224946774542332 to 0.010203443467617035
Time taken for epoch 95 is 4312.902778148651 sec
train data time=0.013396739959716797, train per epoch time=4276.782393455505, train per step time=0.7947932342418705, valid time=28.628234386444092
Train loss: 0.08680590987205505. Valid loss: 0.010203443467617035
validating...
Time taken for epoch 96 is 4306.744644165039 sec
train data time=0.013865947723388672, train per epoch time=4271.0420134067535, train per step time=0.7937264473902162, valid time=28.593071222305298
Train loss: 0.09363052994012833. Valid loss: 0.01021595299243927
validating...
Time taken for epoch 97 is 4309.642893314362 sec
train data time=0.013257741928100586, train per epoch time=4274.3930196762085, train per step time=0.7943491952566825, valid time=28.303882598876953
Train loss: 0.08780034631490707. Valid loss: 0.010215571150183678
validating...
Time taken for epoch 98 is 4301.676963806152 sec
train data time=0.013605356216430664, train per epoch time=4266.909214019775, train per step time=0.7929584118230395, valid time=29.00486445426941
Train loss: 0.08875008672475815. Valid loss: 0.01021489966660738
validating...
Val loss improved from 0.010203443467617035 to 0.010194193571805954
Time taken for epoch 99 is 4307.416396617889 sec
train data time=0.014194488525390625, train per epoch time=4271.73499417305, train per step time=0.793855230286759, valid time=28.122163772583008
Train loss: 0.08911606669425964. Valid loss: 0.010194193571805954
validating...
Val loss improved from 0.010194193571805954 to 0.010185535065829754
Time taken for epoch 100 is 4299.951445102692 sec
train data time=0.013820886611938477, train per epoch time=4264.286604166031, train per step time=0.7924710284642317, valid time=28.29455828666687
Train loss: 0.09062296897172928. Valid loss: 0.010185535065829754
validating...
Time taken for epoch 101 is 4313.180912017822 sec
train data time=0.014081239700317383, train per epoch time=4277.737464189529, train per step time=0.7949707236925347, valid time=28.293413162231445
Train loss: 0.08982501924037933. Valid loss: 0.010186146013438702
validating...
Time taken for epoch 102 is 4297.934691905975 sec
train data time=0.013852834701538086, train per epoch time=4262.797256708145, train per step time=0.7921942495276241, valid time=28.299088954925537
Train loss: 0.0884818583726883. Valid loss: 0.010190293192863464
validating...
Val loss improved from 0.010185535065829754 to 0.010174941271543503
Time taken for epoch 103 is 4311.3203246593475 sec
train data time=0.014554738998413086, train per epoch time=4275.3201406002045, train per step time=0.7945214905408297, valid time=28.164803981781006
Train loss: 0.09059599786996841. Valid loss: 0.010174941271543503
validating...
Val loss improved from 0.010174941271543503 to 0.010160021483898163
Time taken for epoch 104 is 4306.686795473099 sec
train data time=0.014142990112304688, train per epoch time=4270.475441932678, train per step time=0.7936211562781412, valid time=28.43368411064148
Train loss: 0.09304706752300262. Valid loss: 0.010160021483898163
validating...
Time taken for epoch 105 is 4306.902013540268 sec
train data time=0.013882160186767578, train per epoch time=4271.56306552887, train per step time=0.7938232792285578, valid time=28.382607460021973
Train loss: 0.09860747307538986. Valid loss: 0.010209251195192337
validating...
Time taken for epoch 106 is 4299.055069684982 sec
train data time=0.013739347457885742, train per epoch time=4264.232476472855, train per step time=0.7924609694244295, valid time=28.195982933044434
Train loss: 0.09122519195079803. Valid loss: 0.010162788443267345
validating...
Val loss improved from 0.010160021483898163 to 0.010133293457329273
Time taken for epoch 107 is 4315.404731988907 sec
train data time=0.0137786865234375, train per epoch time=4279.535087347031, train per step time=0.795304792296419, valid time=28.60340690612793
Train loss: 0.0859512984752655. Valid loss: 0.010133293457329273
validating...
Val loss improved from 0.010133293457329273 to 0.010131151415407658
Time taken for epoch 108 is 4304.9460961818695 sec
train data time=0.013312816619873047, train per epoch time=4268.561121940613, train per step time=0.7932654008438232, valid time=28.510679721832275
Train loss: 0.08640027046203613. Valid loss: 0.010131151415407658
validating...
Val loss improved from 0.010131151415407658 to 0.010127970017492771
Time taken for epoch 109 is 4304.679522275925 sec
train data time=0.013395547866821289, train per epoch time=4268.50258731842, train per step time=0.7932545228244602, valid time=28.581766366958618
Train loss: 0.09140774607658386. Valid loss: 0.010127970017492771
validating...
Time taken for epoch 110 is 4302.740760087967 sec
train data time=0.01410365104675293, train per epoch time=4267.445739269257, train per step time=0.793058119172878, valid time=28.481335401535034
Train loss: 0.09116703271865845. Valid loss: 0.010152963921427727
