validating...
Val loss improved from 1000000.0 to 0.028769128024578094
Time taken for epoch 1 is 3365.5004053115845 sec
train data time=0.013162612915039062, train per epoch time=3341.549766778946, train per step time=0.6209904788661859, valid time=15.422027349472046
Train loss: 0.14871689677238464. Valid loss: 0.028769128024578094
validating...
Val loss improved from 0.028769128024578094 to 0.023075638338923454
Time taken for epoch 2 is 3319.632115125656 sec
train data time=0.014282941818237305, train per epoch time=3294.325032711029, train per step time=0.6122142785190539, valid time=17.05356740951538
Train loss: 0.13089168071746826. Valid loss: 0.023075638338923454
validating...
Val loss improved from 0.023075638338923454 to 0.02022690512239933
Time taken for epoch 3 is 7275.049230098724 sec
train data time=0.015058279037475586, train per epoch time=7235.473511695862, train per step time=1.344633620460112, valid time=27.941582918167114
Train loss: 0.12152368575334549. Valid loss: 0.02022690512239933
validating...
Val loss improved from 0.02022690512239933 to 0.018943697214126587
Time taken for epoch 4 is 8747.703727960587 sec
train data time=0.014887571334838867, train per epoch time=8713.295894384384, train per step time=1.6192707478878245, valid time=22.567378520965576
Train loss: 0.1200704574584961. Valid loss: 0.018943697214126587
validating...
Time taken for epoch 5 is 8739.058588027954 sec
train data time=0.01468038558959961, train per epoch time=8708.257786750793, train per step time=1.6183344706840352, valid time=21.716596603393555
Train loss: 0.27125483751296997. Valid loss: 0.09089025110006332
validating...
Time taken for epoch 6 is 8723.171279907227 sec
train data time=0.015367269515991211, train per epoch time=8692.43144106865, train per step time=1.6153933174258779, valid time=21.92250370979309
Train loss: 0.12535926699638367. Valid loss: 0.02048720233142376
validating...
Time taken for epoch 7 is 8750.257103443146 sec
train data time=0.014389276504516602, train per epoch time=8718.952706575394, train per step time=1.620322004567068, valid time=21.953848361968994
Train loss: 0.12351177632808685. Valid loss: 0.020894404500722885
validating...
Time taken for epoch 8 is 8741.81472492218 sec
train data time=0.014343976974487305, train per epoch time=8710.487498760223, train per step time=1.618748838275455, valid time=22.439378261566162
Train loss: 0.12092991173267365. Valid loss: 0.019897520542144775
validating...
Time taken for epoch 9 is 8731.063029766083 sec
train data time=0.01460719108581543, train per epoch time=8700.238008737564, train per step time=1.6168440826496124, valid time=22.048221826553345
Train loss: 0.12205947190523148. Valid loss: 0.019633699208498
validating...
Time taken for epoch 10 is 8634.247611522675 sec
train data time=0.01521921157836914, train per epoch time=8604.458832025528, train per step time=1.5990445701589906, valid time=21.05107569694519
Train loss: 0.11631707847118378. Valid loss: 0.01993805728852749
validating...
Val loss improved from 0.018943697214126587 to 0.01828216202557087
Time taken for epoch 11 is 8526.515112876892 sec
train data time=0.014668464660644531, train per epoch time=8493.652002811432, train per step time=1.5784523328027191, valid time=21.182867527008057
Train loss: 0.11554427444934845. Valid loss: 0.01828216202557087
validating...
Time taken for epoch 12 is 8542.994926929474 sec
train data time=0.014914274215698242, train per epoch time=8512.991653442383, train per step time=1.5820463953618997, valid time=21.09290909767151
Train loss: 0.12516680359840393. Valid loss: 0.018816590309143066
validating...
Val loss improved from 0.01828216202557087 to 0.01792769879102707
Time taken for epoch 13 is 8519.65865278244 sec
train data time=0.014625787734985352, train per epoch time=8486.678281068802, train per step time=1.577156342885858, valid time=21.087682485580444
Train loss: 0.11391480267047882. Valid loss: 0.01792769879102707
validating...
Time taken for epoch 14 is 8495.363027095795 sec
train data time=0.015384674072265625, train per epoch time=8465.174248933792, train per step time=1.5731600536951853, valid time=21.034334421157837
Train loss: 0.12266393005847931. Valid loss: 0.021066933870315552
validating...
Time taken for epoch 15 is 8515.407329559326 sec
train data time=0.014902591705322266, train per epoch time=8485.456112146378, train per step time=1.5769292161580333, valid time=21.010170698165894
Train loss: 0.11566876620054245. Valid loss: 0.01817525550723076
validating...
Val loss improved from 0.01792769879102707 to 0.017394527792930603
Time taken for epoch 16 is 9763.141198158264 sec
train data time=0.014670848846435547, train per epoch time=9721.636768817902, train per step time=1.8066598715513662, valid time=28.00544261932373
Train loss: 0.11568164825439453. Valid loss: 0.017394527792930603
validating...
Val loss improved from 0.017394527792930603 to 0.017048023641109467
Time taken for epoch 17 is 12470.844247817993 sec
train data time=0.014189481735229492, train per epoch time=12429.51533961296, train per step time=2.309889488870649, valid time=27.71022868156433
Train loss: 0.11480516940355301. Valid loss: 0.017048023641109467
validating...
Val loss improved from 0.017048023641109467 to 0.016757100820541382
Time taken for epoch 18 is 12495.700633049011 sec
train data time=0.014925718307495117, train per epoch time=12454.16090297699, train per step time=2.3144695972824736, valid time=27.841472387313843
Train loss: 0.1161617636680603. Valid loss: 0.016757100820541382
validating...
Val loss improved from 0.016757100820541382 to 0.01656907983124256
Time taken for epoch 19 is 12513.097344636917 sec
train data time=0.01471257209777832, train per epoch time=12469.503238916397, train per step time=2.317320802623378, valid time=29.1413791179657
Train loss: 0.10847348719835281. Valid loss: 0.01656907983124256
validating...
Val loss improved from 0.01656907983124256 to 0.016275838017463684
Time taken for epoch 20 is 12540.903410673141 sec
train data time=0.015379190444946289, train per epoch time=12498.805436611176, train per step time=2.322766295597691, valid time=28.041597604751587
Train loss: 0.11275316029787064. Valid loss: 0.016275838017463684
validating...
Val loss improved from 0.016275838017463684 to 0.01624893583357334
Time taken for epoch 21 is 12515.219480276108 sec
train data time=0.014897346496582031, train per epoch time=12473.500641822815, train per step time=2.3180636762354236, valid time=27.814550399780273
Train loss: 0.10932913422584534. Valid loss: 0.01624893583357334
validating...
Val loss improved from 0.01624893583357334 to 0.01597541756927967
Time taken for epoch 22 is 12530.623602628708 sec
train data time=0.015240907669067383, train per epoch time=12487.907936573029, train per step time=2.320741114397515, valid time=29.02621078491211
Train loss: 0.10604717582464218. Valid loss: 0.01597541756927967
validating...
Val loss improved from 0.01597541756927967 to 0.01579877734184265
Time taken for epoch 23 is 12516.051139116287 sec
train data time=0.014339685440063477, train per epoch time=12474.211810350418, train per step time=2.3181958391284927, valid time=27.88868999481201
Train loss: 0.10491135716438293. Valid loss: 0.01579877734184265
validating...
Val loss improved from 0.01579877734184265 to 0.01575200818479061
Time taken for epoch 24 is 12561.120411157608 sec
train data time=0.014365434646606445, train per epoch time=12518.819102048874, train per step time=2.326485616437256, valid time=28.025628566741943
Train loss: 0.11000955104827881. Valid loss: 0.01575200818479061
validating...
Val loss improved from 0.01575200818479061 to 0.015595406293869019
Time taken for epoch 25 is 12532.290050029755 sec
train data time=0.014163970947265625, train per epoch time=12490.45376944542, train per step time=2.3212142295940197, valid time=27.926717042922974
Train loss: 0.10148493945598602. Valid loss: 0.015595406293869019
validating...
Val loss improved from 0.015595406293869019 to 0.015568818897008896
Time taken for epoch 26 is 12557.9444668293 sec
train data time=0.015426874160766602, train per epoch time=12517.745332717896, train per step time=2.32628606815051, valid time=27.77961039543152
Train loss: 0.10498654097318649. Valid loss: 0.015568818897008896
validating...
Val loss improved from 0.015568818897008896 to 0.015494471415877342
Time taken for epoch 27 is 12486.703033924103 sec
train data time=0.014863729476928711, train per epoch time=12444.266116857529, train per step time=2.3126307594977753, valid time=27.944875240325928
Train loss: 0.10212912410497665. Valid loss: 0.015494471415877342
validating...
Val loss improved from 0.015494471415877342 to 0.015337526798248291
Time taken for epoch 28 is 12500.271845340729 sec
train data time=0.014703750610351562, train per epoch time=12458.58284330368, train per step time=2.315291366531069, valid time=27.857731342315674
Train loss: 0.09932246804237366. Valid loss: 0.015337526798248291
validating...
Val loss improved from 0.015337526798248291 to 0.015264027751982212
Time taken for epoch 29 is 12520.980789899826 sec
train data time=0.015068531036376953, train per epoch time=12478.618482351303, train per step time=2.3190147709257207, valid time=27.903443336486816
Train loss: 0.1085185706615448. Valid loss: 0.015264027751982212
validating...
Val loss improved from 0.015264027751982212 to 0.015132606029510498
Time taken for epoch 30 is 12501.480165481567 sec
train data time=0.014478683471679688, train per epoch time=12459.668951272964, train per step time=2.3154932078188004, valid time=27.87968397140503
Train loss: 0.10269849747419357. Valid loss: 0.015132606029510498
validating...
Val loss improved from 0.015132606029510498 to 0.01512940227985382
Time taken for epoch 31 is 12485.929444789886 sec
train data time=0.01526951789855957, train per epoch time=12444.714141845703, train per step time=2.3127140200419443, valid time=27.73015809059143
Train loss: 0.1041092723608017. Valid loss: 0.01512940227985382
validating...
Val loss improved from 0.01512940227985382 to 0.015067906118929386
Time taken for epoch 32 is 12575.984220027924 sec
train data time=0.014250040054321289, train per epoch time=12533.801944494247, train per step time=2.3292700138439413, valid time=27.935710668563843
Train loss: 0.10447955876588821. Valid loss: 0.015067906118929386
validating...
Val loss improved from 1000000.0 to 0.014965360052883625
Time taken for epoch 33 is 13045.497146368027 sec
train data time=0.013585805892944336, train per epoch time=13004.694581270218, train per step time=2.4167802604107447, valid time=28.0371310710907
Train loss: 0.10172678530216217. Valid loss: 0.014965360052883625
validating...
Time taken for epoch 34 is 13051.364465475082 sec
train data time=0.014011859893798828, train per epoch time=13012.916048049927, train per step time=2.4183081300966225, valid time=28.752102613449097
Train loss: 0.09904879331588745. Valid loss: 0.014990267343819141
validating...
Val loss improved from 0.014965360052883625 to 0.01486208289861679
Time taken for epoch 35 is 13066.660608053207 sec
train data time=0.013432979583740234, train per epoch time=13026.645842313766, train per step time=2.420859662202893, valid time=27.560265064239502
Train loss: 0.10472564399242401. Valid loss: 0.01486208289861679
validating...
Time taken for epoch 36 is 13062.696698188782 sec
train data time=0.013988733291625977, train per epoch time=13025.464297533035, train per step time=2.420640085027511, valid time=28.063888788223267
Train loss: 0.09868693351745605. Valid loss: 0.014862649142742157
validating...
Val loss improved from 0.01486208289861679 to 0.014782750979065895
Time taken for epoch 37 is 13054.272567749023 sec
train data time=0.013680458068847656, train per epoch time=13014.132823705673, train per step time=2.418534254544819, valid time=27.5289568901062
Train loss: 0.10470844060182571. Valid loss: 0.014782750979065895
validating...
Val loss improved from 0.014782750979065895 to 0.014734173193573952
Time taken for epoch 38 is 13063.927830457687 sec
train data time=0.013172388076782227, train per epoch time=13022.837889194489, train per step time=2.420151995761845, valid time=28.1149263381958
Train loss: 0.09656970947980881. Valid loss: 0.014734173193573952
validating...
Val loss improved from 0.014734173193573952 to 0.014670580625534058
Time taken for epoch 39 is 13054.258217096329 sec
train data time=0.013568878173828125, train per epoch time=13014.169102668762, train per step time=2.41854099659334, valid time=28.12125325202942
Train loss: 0.0997847318649292. Valid loss: 0.014670580625534058
validating...
Val loss improved from 0.014670580625534058 to 0.014637415297329426
Time taken for epoch 40 is 13077.023419380188 sec
train data time=0.013940811157226562, train per epoch time=13035.86184668541, train per step time=2.422572355823343, valid time=28.299081802368164
Train loss: 0.10108502209186554. Valid loss: 0.014637415297329426
validating...
Val loss improved from 0.014637415297329426 to 0.014603192918002605
Time taken for epoch 41 is 13034.898125648499 sec
train data time=0.013607263565063477, train per epoch time=12994.183525323868, train per step time=2.4148268956186336, valid time=27.919731378555298
Train loss: 0.09660021960735321. Valid loss: 0.014603192918002605
validating...
Val loss improved from 0.014603192918002605 to 0.01453882921487093
Time taken for epoch 42 is 13050.046242952347 sec
train data time=0.01342010498046875, train per epoch time=13008.553124666214, train per step time=2.4174973285014336, valid time=28.631394863128662
Train loss: 0.10165677219629288. Valid loss: 0.01453882921487093
validating...
Time taken for epoch 43 is 13054.46670293808 sec
train data time=0.014039278030395508, train per epoch time=13017.327140331268, train per step time=2.419127883354631, valid time=28.390028953552246
Train loss: 0.1008286103606224. Valid loss: 0.01460752822458744
validating...
Val loss improved from 0.01453882921487093 to 0.014537477865815163
Time taken for epoch 44 is 13051.665857553482 sec
train data time=0.013444900512695312, train per epoch time=13011.103463411331, train per step time=2.417971281065105, valid time=28.03099822998047
Train loss: 0.10079611837863922. Valid loss: 0.014537477865815163
validating...
Val loss improved from 0.014537477865815163 to 0.014409085735678673
Time taken for epoch 45 is 13067.85341668129 sec
train data time=0.013693809509277344, train per epoch time=13027.380430936813, train per step time=2.420996177464563, valid time=27.852501153945923
Train loss: 0.10094933211803436. Valid loss: 0.014409085735678673
validating...
Time taken for epoch 46 is 13073.109689474106 sec
train data time=0.013830900192260742, train per epoch time=13035.827233552933, train per step time=2.422565923351223, valid time=27.90648102760315
Train loss: 0.09072735905647278. Valid loss: 0.014461969025433064
validating...
Val loss improved from 0.014409085735678673 to 0.01440833043307066
Time taken for epoch 47 is 13046.694163799286 sec
train data time=0.012860298156738281, train per epoch time=13006.570419311523, train per step time=2.417128864395377, valid time=27.804909229278564
Train loss: 0.09618932008743286. Valid loss: 0.01440833043307066
validating...
Val loss improved from 0.01440833043307066 to 0.014387235045433044
Time taken for epoch 48 is 13048.901319742203 sec
train data time=0.013272285461425781, train per epoch time=13008.615395784378, train per step time=2.417508900907708, valid time=28.128985166549683
Train loss: 0.0986495092511177. Valid loss: 0.014387235045433044
validating...
Val loss improved from 0.014387235045433044 to 0.014327525161206722
Time taken for epoch 49 is 13053.717936992645 sec
train data time=0.013448238372802734, train per epoch time=13013.356249332428, train per step time=2.4183899366906574, valid time=27.827237844467163
Train loss: 0.09664605557918549. Valid loss: 0.014327525161206722
validating...
Time taken for epoch 50 is 13037.275754451752 sec
train data time=0.013495922088623047, train per epoch time=12999.942780971527, train per step time=2.4158971902939097, valid time=27.965092182159424
Train loss: 0.09922604262828827. Valid loss: 0.014332735911011696
validating...
Val loss improved from 0.014327525161206722 to 0.014267994090914726
Time taken for epoch 51 is 13034.547155618668 sec
train data time=0.013197898864746094, train per epoch time=12993.357774496078, train per step time=2.414673438858219, valid time=28.23342204093933
Train loss: 0.09477803111076355. Valid loss: 0.014267994090914726
validating...
Val loss improved from 0.014267994090914726 to 0.014245150610804558
Time taken for epoch 52 is 13049.954728841782 sec
train data time=0.013313055038452148, train per epoch time=13009.8139564991, train per step time=2.4177316403083253, valid time=27.721691131591797
Train loss: 0.0925690159201622. Valid loss: 0.014245150610804558
validating...
Val loss improved from 0.014245150610804558 to 0.014190815389156342
Time taken for epoch 53 is 13023.84269785881 sec
train data time=0.013531684875488281, train per epoch time=12983.393188238144, train per step time=2.412821629481164, valid time=27.86234951019287
Train loss: 0.09609342366456985. Valid loss: 0.014190815389156342
validating...
Val loss improved from 0.014190815389156342 to 0.014177444390952587
Time taken for epoch 54 is 13065.20612025261 sec
train data time=0.013599395751953125, train per epoch time=13024.47498345375, train per step time=2.4204562318256366, valid time=28.34500741958618
Train loss: 0.09894920885562897. Valid loss: 0.014177444390952587
validating...
Val loss improved from 0.014177444390952587 to 0.014177029021084309
Time taken for epoch 55 is 13044.802164077759 sec
train data time=0.01381826400756836, train per epoch time=13004.088923454285, train per step time=2.4166677055295085, valid time=28.06432557106018
Train loss: 0.09692174941301346. Valid loss: 0.014177029021084309
validating...
Time taken for epoch 56 is 13024.237570762634 sec
train data time=0.01355290412902832, train per epoch time=12986.42298579216, train per step time=2.4133846842208064, valid time=28.187711000442505
Train loss: 0.09777211397886276. Valid loss: 0.014190653339028358
validating...
Val loss improved from 0.014177029021084309 to 0.014175149612128735
Time taken for epoch 57 is 13041.948082447052 sec
train data time=0.013728618621826172, train per epoch time=13001.083130121231, train per step time=2.4161091117118065, valid time=28.296086072921753
Train loss: 0.09796871244907379. Valid loss: 0.014175149612128735
validating...
Val loss improved from 0.014175149612128735 to 0.014087677001953125
Time taken for epoch 58 is 13053.378986120224 sec
train data time=0.013019800186157227, train per epoch time=13012.486704349518, train per step time=2.4182283412654746, valid time=28.133411169052124
Train loss: 0.09472295641899109. Valid loss: 0.014087677001953125
validating...
Val loss improved from 0.014087677001953125 to 0.014059782959520817
Time taken for epoch 59 is 13051.875826120377 sec
train data time=0.013204813003540039, train per epoch time=13010.74573469162, train per step time=2.417904801094893, valid time=28.291452169418335
Train loss: 0.09197283536195755. Valid loss: 0.014059782959520817
validating...
Time taken for epoch 60 is 13041.780713796616 sec
train data time=0.01387929916381836, train per epoch time=13004.72227692604, train per step time=2.416785407345482, valid time=28.01229166984558
Train loss: 0.09692490100860596. Valid loss: 0.014125454239547253
validating...
Val loss improved from 0.014059782959520817 to 0.014035297557711601
Time taken for epoch 61 is 13014.302946805954 sec
train data time=0.013678789138793945, train per epoch time=12973.37379193306, train per step time=2.410959634256283, valid time=28.040270805358887
Train loss: 0.09326936304569244. Valid loss: 0.014035297557711601
validating...
Time taken for epoch 62 is 13064.641954183578 sec
train data time=0.013676166534423828, train per epoch time=13027.71575641632, train per step time=2.421058494037599, valid time=27.948771476745605
Train loss: 0.10092006623744965. Valid loss: 0.014043577015399933
validating...
Val loss improved from 0.014035297557711601 to 0.013962977565824986
Time taken for epoch 63 is 13029.600220441818 sec
train data time=0.013468503952026367, train per epoch time=12988.743393182755, train per step time=2.413815906556914, valid time=28.027055263519287
Train loss: 0.09422570466995239. Valid loss: 0.013962977565824986
validating...
Val loss improved from 0.013962977565824986 to 0.01394194457679987
Time taken for epoch 64 is 13025.451585531235 sec
train data time=0.013339519500732422, train per epoch time=12984.654804706573, train per step time=2.4130560871039908, valid time=28.068195581436157
Train loss: 0.0981808453798294. Valid loss: 0.01394194457679987
validating...
Val loss improved from 0.01394194457679987 to 0.013937467709183693
Time taken for epoch 65 is 13039.646631479263 sec
train data time=0.01332235336303711, train per epoch time=12999.171811819077, train per step time=2.41575391410873, valid time=28.226547718048096
Train loss: 0.09816133230924606. Valid loss: 0.013937467709183693
validating...
Time taken for epoch 66 is 13041.947703838348 sec
train data time=0.013293743133544922, train per epoch time=13004.017064094543, train per step time=2.4166543512533996, valid time=28.364015817642212
Train loss: 0.09639929980039597. Valid loss: 0.01395256444811821
validating...
Val loss improved from 0.013937467709183693 to 0.013906687498092651
Time taken for epoch 67 is 13060.310373306274 sec
train data time=0.013604402542114258, train per epoch time=13018.768997907639, train per step time=2.419395836816138, valid time=28.30257225036621
Train loss: 0.0971168726682663. Valid loss: 0.013906687498092651
validating...
Val loss improved from 0.013906687498092651 to 0.013898209668695927
Time taken for epoch 68 is 13034.575319290161 sec
train data time=0.013932228088378906, train per epoch time=12993.656895637512, train per step time=2.414729027250978, valid time=28.06595540046692
Train loss: 0.09760300815105438. Valid loss: 0.013898209668695927
validating...
Time taken for epoch 69 is 11442.416549682617 sec
train data time=0.013260602951049805, train per epoch time=11412.823913574219, train per step time=2.12094850651816, valid time=21.758592128753662
Train loss: 0.09679638594388962. Valid loss: 0.01391056552529335
validating...
Val loss improved from 0.013898209668695927 to 0.013856223784387112
Time taken for epoch 70 is 9099.544988393784 sec
train data time=0.013189554214477539, train per epoch time=9067.424230337143, train per step time=1.6850816261544588, valid time=21.313530445098877
Train loss: 0.09835568070411682. Valid loss: 0.013856223784387112
validating...
Val loss improved from 0.013856223784387112 to 0.013828573748469353
Time taken for epoch 71 is 9066.680943965912 sec
train data time=0.013349294662475586, train per epoch time=9034.417056798935, train per step time=1.6789476039395903, valid time=21.412902116775513
Train loss: 0.0926927849650383. Valid loss: 0.013828573748469353
validating...
Val loss improved from 0.013828573748469353 to 0.013811317272484303
Time taken for epoch 72 is 9071.499932289124 sec
train data time=0.013530731201171875, train per epoch time=9038.774776697159, train per step time=1.6797574385239098, valid time=21.697772979736328
Train loss: 0.09657502919435501. Valid loss: 0.013811317272484303
validating...
Time taken for epoch 73 is 9061.298036813736 sec
train data time=0.013883829116821289, train per epoch time=9032.105251550674, train per step time=1.678517980217557, valid time=21.30225396156311
Train loss: 0.09349086880683899. Valid loss: 0.013830927200615406
validating...
Val loss improved from 0.013811317272484303 to 0.01380901224911213
Time taken for epoch 74 is 9063.89757514 sec
train data time=0.014284610748291016, train per epoch time=9030.737597942352, train per step time=1.6782638167519703, valid time=22.363356828689575
Train loss: 0.09731163084506989. Valid loss: 0.01380901224911213
validating...
Val loss improved from 0.01380901224911213 to 0.013765762560069561
Time taken for epoch 75 is 9065.606261014938 sec
train data time=0.013501882553100586, train per epoch time=9033.215631008148, train per step time=1.6787243320959204, valid time=21.656190872192383
Train loss: 0.09790889918804169. Valid loss: 0.013765762560069561
validating...
Val loss improved from 0.013765762560069561 to 0.01374896615743637
Time taken for epoch 76 is 9073.556490898132 sec
train data time=0.014097452163696289, train per epoch time=9042.026012897491, train per step time=1.6803616452141779, valid time=21.606111526489258
Train loss: 0.09673886001110077. Valid loss: 0.01374896615743637
validating...
Val loss improved from 0.01374896615743637 to 0.01373983733355999
Time taken for epoch 77 is 9077.491898536682 sec
train data time=0.013822793960571289, train per epoch time=9045.4214990139, train per step time=1.6809926591737412, valid time=21.319133520126343
Train loss: 0.09431479126214981. Valid loss: 0.01373983733355999
validating...
Time taken for epoch 78 is 9104.61383986473 sec
train data time=0.013143301010131836, train per epoch time=9075.34758758545, train per step time=1.6865540954442388, valid time=21.73963689804077
Train loss: 0.09424788504838943. Valid loss: 0.013755831867456436
validating...
Val loss improved from 0.01373983733355999 to 0.013713875785470009
Time taken for epoch 79 is 9088.57567358017 sec
train data time=0.013882637023925781, train per epoch time=9056.483194112778, train per step time=1.6830483542302133, valid time=21.38579297065735
Train loss: 0.09733317792415619. Valid loss: 0.013713875785470009
validating...
Val loss improved from 0.013713875785470009 to 0.013703882694244385
Time taken for epoch 80 is 9071.598447799683 sec
train data time=0.01371312141418457, train per epoch time=9039.358699560165, train per step time=1.679865954201852, valid time=21.493582010269165
Train loss: 0.0976777970790863. Valid loss: 0.013703882694244385
validating...
Val loss improved from 0.013703882694244385 to 0.013691107742488384
Time taken for epoch 81 is 9061.911488294601 sec
train data time=0.014030694961547852, train per epoch time=9029.119886636734, train per step time=1.6779631827981294, valid time=21.933105945587158
Train loss: 0.09456793963909149. Valid loss: 0.013691107742488384
validating...
Val loss improved from 0.013691107742488384 to 0.013689488172531128
Time taken for epoch 82 is 9075.987958431244 sec
train data time=0.013262271881103516, train per epoch time=9043.819385766983, train per step time=1.6806949239485194, valid time=21.50518774986267
Train loss: 0.09659445285797119. Valid loss: 0.013689488172531128
validating...
Val loss improved from 0.013689488172531128 to 0.013655058108270168
Time taken for epoch 83 is 9097.078928947449 sec
train data time=0.01355290412902832, train per epoch time=9065.045351743698, train per step time=1.6846395375847794, valid time=21.3739652633667
Train loss: 0.09796391427516937. Valid loss: 0.013655058108270168
validating...
Time taken for epoch 84 is 9086.495252847672 sec
train data time=0.01378178596496582, train per epoch time=9057.476157665253, train per step time=1.6832328856467669, valid time=21.271661043167114
Train loss: 0.09616591036319733. Valid loss: 0.013670450076460838
validating...
Val loss improved from 0.013655058108270168 to 0.013647307641804218
Time taken for epoch 85 is 9081.85366654396 sec
train data time=0.01352381706237793, train per epoch time=9049.840233802795, train per step time=1.6818138327081946, valid time=21.33869981765747
Train loss: 0.09469569474458694. Valid loss: 0.013647307641804218
validating...
Val loss improved from 0.013647307641804218 to 0.013628318905830383
Time taken for epoch 86 is 9069.032478570938 sec
train data time=0.013933897018432617, train per epoch time=9036.959302902222, train per step time=1.679420052574284, valid time=21.233559608459473
Train loss: 0.09663502871990204. Valid loss: 0.013628318905830383
validating...
Val loss improved from 0.013628318905830383 to 0.01361785177141428
Time taken for epoch 87 is 9093.618834018707 sec
train data time=0.013559103012084961, train per epoch time=9061.44453907013, train per step time=1.6839703659301486, valid time=21.613466024398804
Train loss: 0.09428590536117554. Valid loss: 0.01361785177141428
validating...
Val loss improved from 0.01361785177141428 to 0.013612169772386551
Time taken for epoch 88 is 9075.135924339294 sec
train data time=0.01298379898071289, train per epoch time=9043.23708486557, train per step time=1.6805867096944007, valid time=21.252742528915405
Train loss: 0.09366194158792496. Valid loss: 0.013612169772386551
validating...
Val loss improved from 0.013612169772386551 to 0.013550922274589539
Time taken for epoch 89 is 9108.797164916992 sec
train data time=0.013170480728149414, train per epoch time=9075.541729211807, train per step time=1.6865901745422425, valid time=22.204750776290894
Train loss: 0.09542937576770782. Valid loss: 0.013550922274589539
validating...
Time taken for epoch 90 is 9058.113910198212 sec
train data time=0.013344526290893555, train per epoch time=9029.11347079277, train per step time=1.6779619904836964, valid time=21.285104036331177
Train loss: 0.09246806055307388. Valid loss: 0.013601407408714294
validating...
Val loss improved from 0.013550922274589539 to 0.01354803703725338
Time taken for epoch 91 is 9075.516933918 sec
train data time=0.01318502426147461, train per epoch time=9043.490654230118, train per step time=1.6806338327876078, valid time=21.310376405715942
Train loss: 0.09553316235542297. Valid loss: 0.01354803703725338
validating...
Val loss improved from 0.01354803703725338 to 0.013543897308409214
Time taken for epoch 92 is 9091.795057058334 sec
train data time=0.012556314468383789, train per epoch time=9059.774799346924, train per step time=1.6836600630639145, valid time=21.523741006851196
Train loss: 0.09498263150453568. Valid loss: 0.013543897308409214
validating...
Val loss improved from 0.013543897308409214 to 0.013518791645765305
Time taken for epoch 93 is 9097.59039258957 sec
train data time=0.011744260787963867, train per epoch time=9065.766950368881, train per step time=1.6847736387974133, valid time=21.32069206237793
Train loss: 0.09449531137943268. Valid loss: 0.013518791645765305
validating...
Val loss improved from 0.013518791645765305 to 0.013508989475667477
Time taken for epoch 94 is 9076.460777282715 sec
train data time=0.0142974853515625, train per epoch time=9044.516021966934, train per step time=1.6808243861674288, valid time=21.332189798355103
Train loss: 0.09291823953390121. Valid loss: 0.013508989475667477
validating...
Val loss improved from 0.013508989475667477 to 0.01349200401455164
Time taken for epoch 95 is 9082.272292137146 sec
train data time=0.01307058334350586, train per epoch time=9050.212751150131, train per step time=1.681883060983113, valid time=21.481552124023438
Train loss: 0.0940583199262619. Valid loss: 0.01349200401455164
validating...
Val loss improved from 0.01349200401455164 to 0.013464564457535744
Time taken for epoch 96 is 9089.634135723114 sec
train data time=0.012650012969970703, train per epoch time=9056.139461994171, train per step time=1.682984475375241, valid time=22.86678171157837
Train loss: 0.09636595845222473. Valid loss: 0.013464564457535744
validating...
Time taken for epoch 97 is 9081.74410033226 sec
train data time=0.013383626937866211, train per epoch time=9052.7273914814, train per step time=1.6823503793869912, valid time=21.27743625640869
Train loss: 0.09339714050292969. Valid loss: 0.013490650802850723
validating...
Time taken for epoch 98 is 9054.816997528076 sec
train data time=0.013358831405639648, train per epoch time=9025.795868635178, train per step time=1.6773454504060914, valid time=21.474223136901855
Train loss: 0.09268397092819214. Valid loss: 0.013483528047800064
validating...
Val loss improved from 0.013464564457535744 to 0.013420550152659416
Time taken for epoch 99 is 9084.480823516846 sec
train data time=0.013841390609741211, train per epoch time=9052.3023583889, train per step time=1.6822713916351795, valid time=21.33926033973694
Train loss: 0.09459333121776581. Valid loss: 0.013420550152659416
validating...
Time taken for epoch 100 is 9069.152327775955 sec
train data time=0.013108253479003906, train per epoch time=9039.852327108383, train per step time=1.679957689483067, valid time=21.756160259246826
Train loss: 0.0938611626625061. Valid loss: 0.013473388738930225
validating...
Time taken for epoch 101 is 9087.277106523514 sec
train data time=0.013391971588134766, train per epoch time=9058.258835554123, train per step time=1.6833783377725557, valid time=21.348605155944824
Train loss: 0.09447204321622849. Valid loss: 0.013431147672235966
validating...
Val loss improved from 0.013420550152659416 to 0.013411978259682655
Time taken for epoch 102 is 9077.498782157898 sec
train data time=0.013311624526977539, train per epoch time=9044.994994878769, train per step time=1.6809133980447444, valid time=21.911396741867065
Train loss: 0.09349960088729858. Valid loss: 0.013411978259682655
validating...
Val loss improved from 0.013411978259682655 to 0.013382346369326115
Time taken for epoch 103 is 9081.81041264534 sec
train data time=0.013958215713500977, train per epoch time=9048.242853879929, train per step time=1.6815169771194813, valid time=22.86733102798462
Train loss: 0.09334300458431244. Valid loss: 0.013382346369326115
validating...
Time taken for epoch 104 is 9069.36300110817 sec
train data time=0.013804912567138672, train per epoch time=9039.680752277374, train per step time=1.679925804177174, valid time=21.926928758621216
Train loss: 0.09478870779275894. Valid loss: 0.013384266756474972
validating...
Val loss improved from 0.013382346369326115 to 0.013381007127463818
Time taken for epoch 105 is 9115.531486034393 sec
train data time=0.01314544677734375, train per epoch time=9083.195925474167, train per step time=1.6880126232064983, valid time=21.834023237228394
Train loss: 0.09882159531116486. Valid loss: 0.013381007127463818
validating...
Time taken for epoch 106 is 9075.096206903458 sec
train data time=0.014412641525268555, train per epoch time=9045.882451534271, train per step time=1.6810783221583854, valid time=21.548272371292114
Train loss: 0.09512251615524292. Valid loss: 0.013387255370616913
validating...
Val loss improved from 0.013381007127463818 to 0.013349092565476894
Time taken for epoch 107 is 9088.688181400299 sec
train data time=0.013240575790405273, train per epoch time=9055.866111278534, train per step time=1.682933676134275, valid time=22.112746715545654
Train loss: 0.09170431643724442. Valid loss: 0.013349092565476894
validating...
Val loss improved from 0.013349092565476894 to 0.01333102211356163
Time taken for epoch 108 is 9097.078090190887 sec
train data time=0.012289047241210938, train per epoch time=9065.379873991013, train per step time=1.6847017048858972, valid time=21.743468761444092
Train loss: 0.09109347313642502. Valid loss: 0.01333102211356163
validating...
Time taken for epoch 109 is 9090.024019241333 sec
train data time=0.013561010360717773, train per epoch time=9059.899328947067, train per step time=1.6836832055281672, valid time=22.695197582244873
Train loss: 0.09468410909175873. Valid loss: 0.013346688821911812
validating...
Val loss improved from 0.01333102211356163 to 0.013314701616764069
Time taken for epoch 110 is 9095.12901854515 sec
train data time=0.01372838020324707, train per epoch time=9062.145280599594, train per step time=1.6841005910796496, valid time=22.25028419494629
Train loss: 0.09451748430728912. Valid loss: 0.013314701616764069
