validating...
Val loss improved from 1000000.0 to 0.05952011048793793
Time taken for epoch 1 is 17920.871648550034 sec
train data time=0.012259960174560547, train per epoch time=17711.86646795273, train per step time=3.2915566749586933, valid time=199.73437976837158
Train loss: 0.20856112241744995. Valid loss: 0.05952011048793793
validating...
Val loss improved from 0.05952011048793793 to 0.05681770667433739
Time taken for epoch 2 is 17909.259513616562 sec
train data time=0.013012886047363281, train per epoch time=17701.22294807434, train per step time=3.289578693193522, valid time=199.45244073867798
Train loss: 0.20343583822250366. Valid loss: 0.05681770667433739
validating...
Val loss improved from 0.05681770667433739 to 0.05574272945523262
Time taken for epoch 3 is 17914.238374233246 sec
train data time=0.013007879257202148, train per epoch time=17705.93432688713, train per step time=3.2904542514192774, valid time=199.37171626091003
Train loss: 0.20095521211624146. Valid loss: 0.05574272945523262
validating...
Val loss improved from 0.05574272945523262 to 0.05504021793603897
Time taken for epoch 4 is 17913.11616063118 sec
train data time=0.012714385986328125, train per epoch time=17704.99260020256, train per step time=3.290279241814265, valid time=199.18543004989624
Train loss: 0.1978236734867096. Valid loss: 0.05504021793603897
validating...
Val loss improved from 0.05504021793603897 to 0.054610054939985275
Time taken for epoch 5 is 17910.651649951935 sec
train data time=0.01274728775024414, train per epoch time=17703.408079862595, train per step time=3.2899847760383936, valid time=197.62441539764404
Train loss: 0.20019672811031342. Valid loss: 0.054610054939985275
validating...
Val loss improved from 0.054610054939985275 to 0.05415234714746475
Time taken for epoch 6 is 17913.79784464836 sec
train data time=0.012733697891235352, train per epoch time=17704.411078453064, train per step time=3.2901711723570086, valid time=199.98039078712463
Train loss: 0.19928020238876343. Valid loss: 0.05415234714746475
validating...
Val loss improved from 0.05415234714746475 to 0.05390821769833565
Time taken for epoch 7 is 17918.005380630493 sec
train data time=0.012508630752563477, train per epoch time=17708.726779460907, train per step time=3.290973198190096, valid time=199.80060029029846
Train loss: 0.19670531153678894. Valid loss: 0.05390821769833565
validating...
Time taken for epoch 8 is 17913.40174794197 sec
train data time=0.012472152709960938, train per epoch time=17705.041014432907, train per step time=3.2902882390694868, valid time=199.64373588562012
Train loss: 0.1975906789302826. Valid loss: 0.054108258336782455
validating...
Val loss improved from 0.05390821769833565 to 0.05380438640713692
Time taken for epoch 9 is 17912.421196699142 sec
train data time=0.012112617492675781, train per epoch time=17703.114524126053, train per step time=3.289930221915267, valid time=200.2075548171997
Train loss: 0.19923175871372223. Valid loss: 0.05380438640713692
validating...
Val loss improved from 0.05380438640713692 to 0.05364298075437546
Time taken for epoch 10 is 17910.608030557632 sec
train data time=0.012848377227783203, train per epoch time=17703.426295757294, train per step time=3.2899881612632025, valid time=198.86258840560913
Train loss: 0.19341084361076355. Valid loss: 0.05364298075437546
validating...
Val loss improved from 0.05364298075437546 to 0.04964614287018776
Time taken for epoch 11 is 17910.63440155983 sec
train data time=0.012250423431396484, train per epoch time=17701.15067076683, train per step time=3.2895652612463913, valid time=200.3546426296234
Train loss: 0.1892303228378296. Valid loss: 0.04964614287018776
validating...
Val loss improved from 1000000.0 to 0.027836428955197334
Time taken for epoch 12 is 8996.701624155045 sec
train data time=0.01360011100769043, train per epoch time=8890.1810901165, train per step time=1.6521429269868986, valid time=101.39318084716797
Train loss: 0.15597528219223022. Valid loss: 0.027836428955197334
validating...
Val loss improved from 0.027836428955197334 to 0.021835753694176674
Time taken for epoch 13 is 8996.484013795853 sec
train data time=0.013767004013061523, train per epoch time=8890.100583314896, train per step time=1.6521279656782932, valid time=101.23561549186707
Train loss: 0.12854662537574768. Valid loss: 0.021835753694176674
validating...
Val loss improved from 0.021835753694176674 to 0.018962064757943153
Time taken for epoch 14 is 8990.363551139832 sec
train data time=0.01399087905883789, train per epoch time=8884.092159509659, train per step time=1.6510113658259913, valid time=100.82277154922485
Train loss: 0.1168610155582428. Valid loss: 0.018962064757943153
validating...
Val loss improved from 0.018962064757943153 to 0.016821114346385002
Time taken for epoch 15 is 9030.473587751389 sec
train data time=0.014127016067504883, train per epoch time=8924.604948997498, train per step time=1.6585402246789627, valid time=100.34273529052734
Train loss: 0.11194561421871185. Valid loss: 0.016821114346385002
validating...
Val loss improved from 0.016821114346385002 to 0.015512708574533463
Time taken for epoch 16 is 8992.718861818314 sec
train data time=0.014116764068603516, train per epoch time=8886.794492483139, train per step time=1.6515135648546997, valid time=100.4114818572998
Train loss: 0.1127631664276123. Valid loss: 0.015512708574533463
validating...
Val loss improved from 0.015512708574533463 to 0.01442091353237629
Time taken for epoch 17 is 8978.336935520172 sec
train data time=0.013372182846069336, train per epoch time=8871.025350809097, train per step time=1.6485830423358292, valid time=101.88084077835083
Train loss: 0.10917379707098007. Valid loss: 0.01442091353237629
validating...
Val loss improved from 0.01442091353237629 to 0.013308248482644558
Time taken for epoch 18 is 7826.052603006363 sec
train data time=0.013911247253417969, train per epoch time=7734.441009283066, train per step time=1.4373612728643497, valid time=86.58192539215088
Train loss: 0.10945746302604675. Valid loss: 0.013308248482644558
validating...
Val loss improved from 0.013308248482644558 to 0.01290579792112112
Time taken for epoch 19 is 7608.568253517151 sec
train data time=0.01378178596496582, train per epoch time=7517.103283166885, train per step time=1.3969714334077097, valid time=86.1550931930542
Train loss: 0.09687579423189163. Valid loss: 0.01290579792112112
validating...
Val loss improved from 0.01290579792112112 to 0.011887475848197937
Time taken for epoch 20 is 7623.245655059814 sec
train data time=0.014096260070800781, train per epoch time=7531.764793634415, train per step time=1.399696114780601, valid time=86.21932983398438
Train loss: 0.10117200016975403. Valid loss: 0.011887475848197937
validating...
Val loss improved from 0.011887475848197937 to 0.011318008415400982
Time taken for epoch 21 is 7616.133523464203 sec
train data time=0.013901710510253906, train per epoch time=7524.5916838645935, train per step time=1.3983630707795194, valid time=86.07099437713623
Train loss: 0.09477859735488892. Valid loss: 0.011318008415400982
validating...
Val loss improved from 0.011318008415400982 to 0.01098825503140688
Time taken for epoch 22 is 7972.735454320908 sec
train data time=0.013579845428466797, train per epoch time=7864.8624930381775, train per step time=1.4615986792488715, valid time=102.10317778587341
Train loss: 0.09025447070598602. Valid loss: 0.01098825503140688
validating...
Time taken for epoch 23 is 9013.220640420914 sec
train data time=0.013815641403198242, train per epoch time=8906.348248004913, train per step time=1.655147416466254, valid time=101.73333835601807
Train loss: 0.0890856459736824. Valid loss: 0.011131088249385357
validating...
Val loss improved from 0.01098825503140688 to 0.01029463205486536
Time taken for epoch 24 is 9016.749970197678 sec
train data time=0.013584375381469727, train per epoch time=8907.94217824936, train per step time=1.6554436309699607, valid time=102.98184561729431
Train loss: 0.09497880935668945. Valid loss: 0.01029463205486536
validating...
Val loss improved from 0.01029463205486536 to 0.010142619721591473
Time taken for epoch 25 is 9004.927489757538 sec
train data time=0.013514280319213867, train per epoch time=8897.424414157867, train per step time=1.6534890195424397, valid time=101.7547218799591
Train loss: 0.08317342400550842. Valid loss: 0.010142619721591473
validating...
Val loss improved from 0.010142619721591473 to 0.010001400485634804
Time taken for epoch 26 is 9019.266285419464 sec
train data time=0.013840913772583008, train per epoch time=8911.531828403473, train per step time=1.6561107281924312, valid time=102.04101085662842
Train loss: 0.08618511259555817. Valid loss: 0.010001400485634804
validating...
Val loss improved from 0.010001400485634804 to 0.009673794731497765
Time taken for epoch 27 is 9031.862985134125 sec
train data time=0.013628244400024414, train per epoch time=8924.122226715088, train per step time=1.6584505160221312, valid time=101.63476896286011
Train loss: 0.08390461653470993. Valid loss: 0.009673794731497765
validating...
Val loss improved from 1000000.0 to 0.009416095912456512
Time taken for epoch 28 is 17729.102392435074 sec
train data time=0.011487245559692383, train per epoch time=17525.72868180275, train per step time=3.256965003122607, valid time=195.99783325195312
Train loss: 0.07995399832725525. Valid loss: 0.009416095912456512
validating...
Time taken for epoch 29 is 17739.737643957138 sec
train data time=0.011436223983764648, train per epoch time=17537.15616297722, train per step time=3.2590886755207618, valid time=196.02740263938904
Train loss: 0.09008093178272247. Valid loss: 0.009467552416026592
validating...
Val loss improved from 0.009416095912456512 to 0.009156422689557076
Time taken for epoch 30 is 17734.64760875702 sec
train data time=0.011441230773925781, train per epoch time=17530.308774471283, train per step time=3.2578161632542804, valid time=196.46820306777954
Train loss: 0.08406400680541992. Valid loss: 0.009156422689557076
validating...
Time taken for epoch 31 is 17743.264374256134 sec
train data time=0.011651992797851562, train per epoch time=17539.81502056122, train per step time=3.2595827951238094, valid time=196.1199197769165
Train loss: 0.08413174748420715. Valid loss: 0.009199103340506554
validating...
Val loss improved from 0.009156422689557076 to 0.008992655202746391
Time taken for epoch 32 is 17741.856554031372 sec
train data time=0.011785268783569336, train per epoch time=17536.927302598953, train per step time=3.259046144322422, valid time=196.4512755870819
Train loss: 0.08669290691614151. Valid loss: 0.008992655202746391
validating...
Val loss improved from 0.008992655202746391 to 0.008919228799641132
Time taken for epoch 33 is 17734.76359629631 sec
train data time=0.011818647384643555, train per epoch time=17531.193103075027, train per step time=3.2579805060537126, valid time=196.19694066047668
Train loss: 0.08342646062374115. Valid loss: 0.008919228799641132
validating...
Val loss improved from 0.008919228799641132 to 0.008874895982444286
Time taken for epoch 34 is 17742.622654914856 sec
train data time=0.011728286743164062, train per epoch time=17538.313087701797, train per step time=3.2593036773279684, valid time=196.24873900413513
Train loss: 0.07721517980098724. Valid loss: 0.008874895982444286
validating...
Val loss improved from 0.008874895982444286 to 0.008740358985960484
Time taken for epoch 35 is 17738.840666294098 sec
train data time=0.011780023574829102, train per epoch time=17535.45775270462, train per step time=3.258773044546482, valid time=195.47015953063965
Train loss: 0.08429600298404694. Valid loss: 0.008740358985960484
validating...
Val loss improved from 0.008740358985960484 to 0.008725418709218502
Time taken for epoch 36 is 17743.224926948547 sec
train data time=0.011898517608642578, train per epoch time=17538.256727457047, train per step time=3.2592932033928723, valid time=196.769371509552
Train loss: 0.07767541706562042. Valid loss: 0.008725418709218502
validating...
Val loss improved from 0.008725418709218502 to 0.008507217280566692
Time taken for epoch 37 is 17749.3123793602 sec
train data time=0.011607885360717773, train per epoch time=17544.621831655502, train per step time=3.260476088395373, valid time=196.67909336090088
Train loss: 0.08676323294639587. Valid loss: 0.008507217280566692
validating...
Time taken for epoch 38 is 17743.91969037056 sec
train data time=0.011990547180175781, train per epoch time=17539.566966056824, train per step time=3.259536696907048, valid time=196.64907002449036
Train loss: 0.07174696028232574. Valid loss: 0.008652477525174618
validating...
Time taken for epoch 39 is 17740.825142860413 sec
train data time=0.011275768280029297, train per epoch time=17536.21373319626, train per step time=3.258913535252975, valid time=197.35580396652222
Train loss: 0.07786136865615845. Valid loss: 0.008730129338800907
validating...
Val loss improved from 0.008507217280566692 to 0.008399696089327335
Time taken for epoch 40 is 17749.29075884819 sec
train data time=0.011454343795776367, train per epoch time=17544.318635463715, train per step time=3.2604197426990735, valid time=196.73703455924988
Train loss: 0.08123782277107239. Valid loss: 0.008399696089327335
validating...
Time taken for epoch 41 is 17739.22683930397 sec
train data time=0.011063337326049805, train per epoch time=17534.30926299095, train per step time=3.2585596102938026, valid time=197.11593103408813
Train loss: 0.0745249092578888. Valid loss: 0.008420571684837341
validating...
Val loss improved from 0.008399696089327335 to 0.008312266319990158
Time taken for epoch 42 is 17745.878705978394 sec
train data time=0.011655330657958984, train per epoch time=17541.3665702343, train per step time=3.2598711336618282, valid time=195.74681162834167
Train loss: 0.08033843338489532. Valid loss: 0.008312266319990158
validating...
Time taken for epoch 43 is 17743.367198228836 sec
train data time=0.012277364730834961, train per epoch time=17538.23512864113, train per step time=3.2592891894891522, valid time=197.19923520088196
Train loss: 0.0786440446972847. Valid loss: 0.008357643149793148
validating...
Val loss improved from 0.008312266319990158 to 0.008227133192121983
Time taken for epoch 44 is 17743.40937447548 sec
train data time=0.011751413345336914, train per epoch time=17537.92024040222, train per step time=3.2592306709537673, valid time=197.0309979915619
Train loss: 0.07958697527647018. Valid loss: 0.008227133192121983
validating...
Time taken for epoch 45 is 17740.22983455658 sec
train data time=0.011913299560546875, train per epoch time=17535.433071136475, train per step time=3.2587684577469753, valid time=197.1625452041626
Train loss: 0.0803707018494606. Valid loss: 0.008238440379500389
validating...
Val loss improved from 0.008227133192121983 to 0.008212964981794357
Time taken for epoch 46 is 17740.49897122383 sec
train data time=0.011404275894165039, train per epoch time=17534.339230298996, train per step time=3.2585651793902612, valid time=197.29509162902832
Train loss: 0.06808389723300934. Valid loss: 0.008212964981794357
validating...
Val loss improved from 0.008212964981794357 to 0.008179024793207645
Time taken for epoch 47 is 17747.710272073746 sec
train data time=0.011212587356567383, train per epoch time=17541.130792617798, train per step time=3.259827316970414, valid time=197.62755346298218
Train loss: 0.07181242108345032. Valid loss: 0.008179024793207645
validating...
Time taken for epoch 48 is 17744.33522748947 sec
train data time=0.011161327362060547, train per epoch time=17539.139793157578, train per step time=3.259457311495554, valid time=197.3389925956726
Train loss: 0.07525430619716644. Valid loss: 0.008232837542891502
validating...
Val loss improved from 0.008179024793207645 to 0.008075556717813015
Time taken for epoch 49 is 17744.32399201393 sec
train data time=0.011527299880981445, train per epoch time=17536.81097817421, train per step time=3.2590245267002804, valid time=197.80183100700378
Train loss: 0.0756361186504364. Valid loss: 0.008075556717813015
validating...
Time taken for epoch 50 is 17746.605134010315 sec
train data time=0.011575698852539062, train per epoch time=17540.656417369843, train per step time=3.2597391595186473, valid time=197.56883573532104
Train loss: 0.0786704272031784. Valid loss: 0.008117332123219967
validating...
Val loss improved from 0.008075556717813015 to 0.00804178137332201
Time taken for epoch 51 is 17742.894992113113 sec
train data time=0.011589527130126953, train per epoch time=17536.30933022499, train per step time=3.258931300915256, valid time=197.29569292068481
Train loss: 0.07647007703781128. Valid loss: 0.00804178137332201
validating...
Val loss improved from 0.00804178137332201 to 0.008008072152733803
Time taken for epoch 52 is 17743.06179666519 sec
train data time=0.011722803115844727, train per epoch time=17535.74553513527, train per step time=3.2588265257638485, valid time=198.09092450141907
Train loss: 0.07036195695400238. Valid loss: 0.008008072152733803
validating...
Val loss improved from 0.008008072152733803 to 0.00800205860286951
Time taken for epoch 53 is 17747.7128200531 sec
train data time=0.011478424072265625, train per epoch time=17540.452654600143, train per step time=3.2597012924363766, valid time=198.0977373123169
Train loss: 0.07562753558158875. Valid loss: 0.00800205860286951
validating...
Val loss improved from 0.00800205860286951 to 0.007918628863990307
Time taken for epoch 54 is 17358.07853293419 sec
train data time=0.011531352996826172, train per epoch time=17202.880141735077, train per step time=3.1969671328256974, valid time=147.4966917037964
Train loss: 0.07878744602203369. Valid loss: 0.007918628863990307
validating...
Val loss improved from 0.007918628863990307 to 0.007902007550001144
Time taken for epoch 55 is 13204.553951501846 sec
train data time=0.011748552322387695, train per epoch time=13048.596368551254, train per step time=2.4249389274393707, valid time=148.4554238319397
Train loss: 0.07714138925075531. Valid loss: 0.007902007550001144
validating...
Val loss improved from 0.007902007550001144 to 0.007877744734287262
Time taken for epoch 56 is 13200.956015348434 sec
train data time=0.011873722076416016, train per epoch time=13045.724891901016, train per step time=2.4244052949081984, valid time=147.7522189617157
Train loss: 0.07657542824745178. Valid loss: 0.007877744734287262
validating...
Val loss improved from 0.007877744734287262 to 0.00783225242048502
Time taken for epoch 57 is 13196.396023273468 sec
train data time=0.011662960052490234, train per epoch time=13041.34514951706, train per step time=2.423591367685757, valid time=147.49337005615234
Train loss: 0.07543107122182846. Valid loss: 0.00783225242048502
validating...
Time taken for epoch 58 is 13198.901781082153 sec
train data time=0.011816740036010742, train per epoch time=13044.291708946228, train per step time=2.424138953530241, valid time=147.79673790931702
Train loss: 0.06977568566799164. Valid loss: 0.00788014568388462
validating...
Val loss improved from 0.00783225242048502 to 0.007735004648566246
Time taken for epoch 59 is 13203.54437661171 sec
train data time=0.011561870574951172, train per epoch time=13047.563621520996, train per step time=2.4247470026985685, valid time=147.82280373573303
Train loss: 0.06873290240764618. Valid loss: 0.007735004648566246
validating...
Time taken for epoch 60 is 13201.863182783127 sec
train data time=0.01169729232788086, train per epoch time=13046.554231882095, train per step time=2.4245594186734984, valid time=147.99379658699036
Train loss: 0.07577228546142578. Valid loss: 0.007904008030891418
validating...
Val loss improved from 0.007735004648566246 to 0.007697893772274256
Time taken for epoch 61 is 13204.827035188675 sec
train data time=0.011836767196655273, train per epoch time=13048.93677020073, train per step time=2.4250021873630794, valid time=147.8914442062378
Train loss: 0.07265869528055191. Valid loss: 0.007697893772274256
validating...
Time taken for epoch 62 is 13203.554629802704 sec
train data time=0.01138162612915039, train per epoch time=13048.243702411652, train per step time=2.4248733882943045, valid time=147.92069244384766
Train loss: 0.08172474801540375. Valid loss: 0.007777344435453415
validating...
Val loss improved from 0.007697893772274256 to 0.007697832304984331
Time taken for epoch 63 is 13198.90822005272 sec
train data time=0.011167049407958984, train per epoch time=13043.160827636719, train per step time=2.423928791606898, valid time=147.7765622138977
Train loss: 0.07215689867734909. Valid loss: 0.007697832304984331
validating...
Val loss improved from 0.007697832304984331 to 0.007672645151615143
Time taken for epoch 64 is 13198.237992286682 sec
train data time=0.01086568832397461, train per epoch time=13042.767477989197, train per step time=2.4238556918768253, valid time=147.59953474998474
Train loss: 0.07761074602603912. Valid loss: 0.007672645151615143
validating...
Val loss improved from 0.007672645151615143 to 0.007598621770739555
Time taken for epoch 65 is 13203.673117160797 sec
train data time=0.011282920837402344, train per epoch time=13047.74008178711, train per step time=2.424779795909145, valid time=147.9236340522766
Train loss: 0.07668422162532806. Valid loss: 0.007598621770739555
validating...
Time taken for epoch 66 is 13205.271634817123 sec
train data time=0.011031866073608398, train per epoch time=13049.626035690308, train per step time=2.4251302798160763, valid time=147.9107813835144
Train loss: 0.0741475373506546. Valid loss: 0.00768153415992856
validating...
Val loss improved from 0.007598621770739555 to 0.007590533699840307
Time taken for epoch 67 is 13200.539115190506 sec
train data time=0.011350631713867188, train per epoch time=13044.146441221237, train per step time=2.4241119571122907, valid time=148.25133657455444
Train loss: 0.0798289030790329. Valid loss: 0.007590533699840307
validating...
Time taken for epoch 68 is 13202.5742020607 sec
train data time=0.012152433395385742, train per epoch time=13046.768162727356, train per step time=2.424599175381408, valid time=148.1887550354004
Train loss: 0.07566676288843155. Valid loss: 0.00764984916895628
validating...
Time taken for epoch 69 is 13198.128960847855 sec
train data time=0.011498451232910156, train per epoch time=13042.482917547226, train per step time=2.423802809430817, valid time=148.05325412750244
Train loss: 0.07538650929927826. Valid loss: 0.007626639213413
validating...
Val loss improved from 0.007590533699840307 to 0.007501065265387297
Time taken for epoch 70 is 13205.847137451172 sec
train data time=0.011688947677612305, train per epoch time=13048.711136579514, train per step time=2.4249602558222474, valid time=148.4596815109253
Train loss: 0.076864093542099. Valid loss: 0.007501065265387297
validating...
Val loss improved from 0.007501065265387297 to 0.0074483356438577175
Time taken for epoch 71 is 13210.052583694458 sec
train data time=0.012450695037841797, train per epoch time=13053.071200370789, train per step time=2.4257705259934563, valid time=148.24502849578857
Train loss: 0.07077383995056152. Valid loss: 0.0074483356438577175
validating...
Time taken for epoch 72 is 13204.974859714508 sec
train data time=0.011460065841674805, train per epoch time=13048.049184799194, train per step time=2.424837239323396, valid time=148.10662412643433
Train loss: 0.07575011998414993. Valid loss: 0.007518447004258633
validating...
Time taken for epoch 73 is 13209.267072677612 sec
train data time=0.011289596557617188, train per epoch time=13052.564477443695, train per step time=2.4256763570792965, valid time=149.0265121459961
Train loss: 0.07011651992797852. Valid loss: 0.00752926804125309
validating...
Time taken for epoch 74 is 13201.821709632874 sec
train data time=0.012230157852172852, train per epoch time=13045.445716619492, train per step time=2.4243534132353637, valid time=148.6495909690857
Train loss: 0.07389350980520248. Valid loss: 0.007470640353858471
validating...
Time taken for epoch 75 is 13197.035264492035 sec
train data time=0.011913299560546875, train per epoch time=13040.414221525192, train per step time=2.4234183648996828, valid time=148.64430570602417
Train loss: 0.07668272405862808. Valid loss: 0.007458167616277933
validating...
Val loss improved from 0.0074483356438577175 to 0.007418338675051928
Time taken for epoch 76 is 13209.265711784363 sec
train data time=0.012335777282714844, train per epoch time=13051.834314346313, train per step time=2.425540664253171, valid time=148.61882615089417
Train loss: 0.07641920447349548. Valid loss: 0.007418338675051928
validating...
Time taken for epoch 77 is 13207.835349321365 sec
train data time=0.0121002197265625, train per epoch time=13050.798540592194, train per step time=2.425348177028841, valid time=148.9935507774353
Train loss: 0.07448101043701172. Valid loss: 0.007452040910720825
validating...
Time taken for epoch 78 is 13216.291282176971 sec
train data time=0.01156473159790039, train per epoch time=13059.814979076385, train per step time=2.427023783511687, valid time=148.6267945766449
Train loss: 0.07428587973117828. Valid loss: 0.007456989027559757
validating...
Val loss improved from 0.007418338675051928 to 0.007367968559265137
Time taken for epoch 79 is 13202.731421470642 sec
train data time=0.01177835464477539, train per epoch time=13045.27204155922, train per step time=2.4243211376248315, valid time=148.54482984542847
Train loss: 0.07613352686166763. Valid loss: 0.007367968559265137
validating...
Time taken for epoch 80 is 13208.111599206924 sec
train data time=0.011758565902709961, train per epoch time=13050.678234815598, train per step time=2.4253258195160003, valid time=148.943186044693
Train loss: 0.07782533764839172. Valid loss: 0.007419478613883257
validating...
Val loss improved from 0.007367968559265137 to 0.007342960685491562
Time taken for epoch 81 is 13212.119404792786 sec
train data time=0.01202702522277832, train per epoch time=13054.428952932358, train per step time=2.4260228494577882, valid time=148.82643747329712
Train loss: 0.07264123857021332. Valid loss: 0.007342960685491562
validating...
Time taken for epoch 82 is 13210.812700271606 sec
train data time=0.011542558670043945, train per epoch time=13053.478322982788, train per step time=2.4258461852783477, valid time=149.03005695343018
Train loss: 0.07515864074230194. Valid loss: 0.007362839300185442
validating...
Time taken for epoch 83 is 13200.740824699402 sec
train data time=0.011271476745605469, train per epoch time=13042.502918481827, train per step time=2.4238065263857695, valid time=149.61049461364746
Train loss: 0.07676541805267334. Valid loss: 0.007348339539021254
validating...
Time taken for epoch 84 is 13206.568327188492 sec
train data time=0.01146554946899414, train per epoch time=13048.916785478592, train per step time=2.4249984734210357, valid time=149.09418964385986
Train loss: 0.07313722372055054. Valid loss: 0.007383331656455994
validating...
Time taken for epoch 85 is 13208.387109041214 sec
train data time=0.012172222137451172, train per epoch time=13050.58452129364, train per step time=2.4253084038828545, valid time=149.45361185073853
Train loss: 0.07207830250263214. Valid loss: 0.007465284317731857
validating...
Val loss improved from 0.007342960685491562 to 0.007308156695216894
Time taken for epoch 86 is 13205.681076526642 sec
train data time=0.011695623397827148, train per epoch time=13047.09707069397, train per step time=2.4246602993298585, valid time=149.22672939300537
Train loss: 0.07284499704837799. Valid loss: 0.007308156695216894
validating...
Val loss improved from 0.007308156695216894 to 0.007275146432220936
Time taken for epoch 87 is 13204.884112119675 sec
train data time=0.012106657028198242, train per epoch time=13046.154256343842, train per step time=2.424485087594098, valid time=149.36449027061462
Train loss: 0.07131613045930862. Valid loss: 0.007275146432220936
validating...
Val loss improved from 1000000.0 to 0.0071944608353078365
Time taken for epoch 88 is 2937.259155035019 sec
train data time=0.012497901916503906, train per epoch time=2900.4301080703735, train per step time=0.8085949562504526, valid time=32.96505832672119
Train loss: 0.07126739621162415. Valid loss: 0.0071944608353078365
validating...
Val loss improved from 0.0071944608353078365 to 0.007178145460784435
Time taken for epoch 89 is 2956.4552652835846 sec
train data time=0.010123491287231445, train per epoch time=2920.0576944351196, train per step time=0.8140668230931474, valid time=32.98554849624634
Train loss: 0.07061226665973663. Valid loss: 0.007178145460784435
validating...
Time taken for epoch 90 is 2959.655351638794 sec
train data time=0.01164555549621582, train per epoch time=2924.1440904140472, train per step time=0.8152060469512259, valid time=32.99960541725159
Train loss: 0.06794873625040054. Valid loss: 0.0072245486080646515
validating...
Val loss improved from 0.007178145460784435 to 0.0071555539034307
Time taken for epoch 91 is 2941.4091765880585 sec
train data time=0.012971162796020508, train per epoch time=2904.740924835205, train per step time=0.8097967451450251, valid time=33.02537298202515
Train loss: 0.06967486441135406. Valid loss: 0.0071555539034307
validating...
Time taken for epoch 92 is 2942.172348499298 sec
train data time=0.012349843978881836, train per epoch time=2905.933655977249, train per step time=0.8101292600995955, valid time=32.68225049972534
Train loss: 0.07271908223628998. Valid loss: 0.007178531493991613
validating...
Time taken for epoch 93 is 2937.0888743400574 sec
train data time=0.012345075607299805, train per epoch time=2900.609770298004, train per step time=0.8086450432946763, valid time=33.122036933898926
Train loss: 0.07284321635961533. Valid loss: 0.0071784076280891895
validating...
Time taken for epoch 94 is 2919.1918635368347 sec
train data time=0.01249241828918457, train per epoch time=2882.9799568653107, train per step time=0.803730124579122, valid time=32.74979090690613
Train loss: 0.07377670705318451. Valid loss: 0.007166999392211437
validating...
Val loss improved from 0.0071555539034307 to 0.007125705946236849
Time taken for epoch 95 is 2946.4468812942505 sec
train data time=0.012782812118530273, train per epoch time=2909.0959162712097, train per step time=0.8110108492531948, valid time=33.18302130699158
Train loss: 0.06779473274946213. Valid loss: 0.007125705946236849
validating...
Time taken for epoch 96 is 2963.476155281067 sec
train data time=0.01204991340637207, train per epoch time=2923.8643605709076, train per step time=0.8151280626068881, valid time=35.94347262382507
Train loss: 0.06840037554502487. Valid loss: 0.007175553124397993
validating...
Val loss improved from 0.007125705946236849 to 0.007109852973371744
Time taken for epoch 97 is 2924.4002985954285 sec
train data time=0.012584924697875977, train per epoch time=2886.8328993320465, train per step time=0.8048042652166285, valid time=33.215829372406006
Train loss: 0.07282037287950516. Valid loss: 0.007109852973371744
validating...
Time taken for epoch 98 is 2936.0660285949707 sec
train data time=0.012701272964477539, train per epoch time=2898.2659990787506, train per step time=0.8079916362081825, valid time=34.02344059944153
Train loss: 0.06928257644176483. Valid loss: 0.00717204762622714
validating...
Val loss improved from 0.007109852973371744 to 0.0071000149473547935
Time taken for epoch 99 is 2927.7836842536926 sec
train data time=0.012045860290527344, train per epoch time=2890.213598012924, train per step time=0.8057467516066139, valid time=32.930601596832275
Train loss: 0.07123121619224548. Valid loss: 0.0071000149473547935
validating...
Val loss improved from 0.0071000149473547935 to 0.007084276061505079
Time taken for epoch 100 is 2954.5970001220703 sec
train data time=0.012352466583251953, train per epoch time=2916.8022317886353, train per step time=0.8131592505683399, valid time=33.670740604400635
Train loss: 0.06926083564758301. Valid loss: 0.007084276061505079
validating...
Val loss improved from 0.007084276061505079 to 0.007082967087626457
Time taken for epoch 101 is 2928.5843811035156 sec
train data time=0.011359691619873047, train per epoch time=2889.032474040985, train per step time=0.8054174725511528, valid time=35.10962677001953
Train loss: 0.07140304148197174. Valid loss: 0.007082967087626457
validating...
Time taken for epoch 102 is 2927.803598165512 sec
train data time=0.012086868286132812, train per epoch time=2890.7707772254944, train per step time=0.8059020845345677, valid time=33.173471450805664
Train loss: 0.06991904973983765. Valid loss: 0.007101426366716623
validating...
Time taken for epoch 103 is 2924.874367713928 sec
train data time=0.012561798095703125, train per epoch time=2887.5821557044983, train per step time=0.805013146279481, valid time=33.62897539138794
Train loss: 0.06684435904026031. Valid loss: 0.007093295454978943
validating...
Val loss improved from 0.007082967087626457 to 0.007051774766296148
Time taken for epoch 104 is 2945.7498972415924 sec
train data time=0.01178598403930664, train per epoch time=2907.3084585666656, train per step time=0.8105125337515098, valid time=33.4742271900177
Train loss: 0.0689433366060257. Valid loss: 0.007051774766296148
validating...
Val loss improved from 0.007051774766296148 to 0.0070515708066523075
Time taken for epoch 105 is 2967.2779421806335 sec
train data time=0.011657238006591797, train per epoch time=2929.2415668964386, train per step time=0.8166271443814994, valid time=33.2016704082489
Train loss: 0.07965905219316483. Valid loss: 0.0070515708066523075
validating...
Time taken for epoch 106 is 2927.7792160511017 sec
train data time=0.012401819229125977, train per epoch time=2890.1032667160034, train per step time=0.8057159929512137, valid time=33.3739595413208
Train loss: 0.07215171307325363. Valid loss: 0.007062971126288176
validating...
Val loss improved from 0.0070515708066523075 to 0.007033661939203739
Time taken for epoch 107 is 2940.775803089142 sec
train data time=0.012346029281616211, train per epoch time=2902.4565002918243, train per step time=0.8091598829918663, valid time=33.98534941673279
Train loss: 0.07066668570041656. Valid loss: 0.007033661939203739
validating...
Time taken for epoch 108 is 2943.020910024643 sec
train data time=0.013049840927124023, train per epoch time=2904.3998486995697, train per step time=0.8097016584052327, valid time=34.26235485076904
Train loss: 0.07157966494560242. Valid loss: 0.007043023128062487
validating...
Val loss improved from 0.007033661939203739 to 0.007016559597104788
Time taken for epoch 109 is 2958.584703683853 sec
train data time=0.012949705123901367, train per epoch time=2919.9312443733215, train per step time=0.8140315707759469, valid time=33.67623972892761
Train loss: 0.07132483273744583. Valid loss: 0.007016559597104788
validating...
Val loss improved from 0.007016559597104788 to 0.007011902052909136
Time taken for epoch 110 is 2945.0884079933167 sec
train data time=0.011932849884033203, train per epoch time=2901.5554943084717, train per step time=0.8089086964896771, valid time=38.54187822341919
Train loss: 0.07860708981752396. Valid loss: 0.007011902052909136
